{"/Users/karel-kryspinkratochvil/WebstormProjects/cipher-chat/client/src/App.js": {"path":"/Users/karel-kryspinkratochvil/WebstormProjects/cipher-chat/client/src/App.js","statementMap":{"0":{"start":{"line":9,"column":15},"end":{"line":22,"column":1}},"1":{"start":{"line":25,"column":2},"end":{"line":35,"column":4}}},"fnMap":{"0":{"name":"App","decl":{"start":{"line":24,"column":9},"end":{"line":24,"column":12}},"loc":{"start":{"line":24,"column":15},"end":{"line":36,"column":1}},"line":24}},"branchMap":{},"s":{"0":0,"1":0},"f":{"0":0},"b":{},"hash":"7ecdd96be1f2a4ff73f719a8a6383be7ff015292"}
,"/Users/karel-kryspinkratochvil/WebstormProjects/cipher-chat/client/src/index.js": {"path":"/Users/karel-kryspinkratochvil/WebstormProjects/cipher-chat/client/src/index.js","statementMap":{"0":{"start":{"line":11,"column":0},"end":{"line":16,"column":2}},"1":{"start":{"line":21,"column":0},"end":{"line":21,"column":27}}},"fnMap":{},"branchMap":{},"s":{"0":0,"1":0},"f":{},"b":{},"hash":"ac59437b61e34d3556c1a91dbc962ba00508e29f"}
,"/Users/karel-kryspinkratochvil/WebstormProjects/cipher-chat/client/src/serviceWorker.js": {"path":"/Users/karel-kryspinkratochvil/WebstormProjects/cipher-chat/client/src/serviceWorker.js","statementMap":{"0":{"start":{"line":15,"column":20},"end":{"line":23,"column":1}},"1":{"start":{"line":26,"column":2},"end":{"line":56,"column":3}},"2":{"start":{"line":28,"column":22},"end":{"line":28,"column":75}},"3":{"start":{"line":29,"column":4},"end":{"line":34,"column":5}},"4":{"start":{"line":33,"column":6},"end":{"line":33,"column":13}},"5":{"start":{"line":36,"column":4},"end":{"line":55,"column":7}},"6":{"start":{"line":37,"column":20},"end":{"line":37,"column":65}},"7":{"start":{"line":39,"column":6},"end":{"line":54,"column":7}},"8":{"start":{"line":41,"column":8},"end":{"line":41,"column":47}},"9":{"start":{"line":45,"column":8},"end":{"line":50,"column":11}},"10":{"start":{"line":46,"column":10},"end":{"line":49,"column":12}},"11":{"start":{"line":53,"column":8},"end":{"line":53,"column":39}},"12":{"start":{"line":60,"column":2},"end":{"line":101,"column":7}},"13":{"start":{"line":63,"column":6},"end":{"line":97,"column":8}},"14":{"start":{"line":64,"column":33},"end":{"line":64,"column":56}},"15":{"start":{"line":65,"column":8},"end":{"line":67,"column":9}},"16":{"start":{"line":66,"column":10},"end":{"line":66,"column":17}},"17":{"start":{"line":69,"column":8},"end":{"line":96,"column":10}},"18":{"start":{"line":70,"column":10},"end":{"line":95,"column":11}},"19":{"start":{"line":71,"column":12},"end":{"line":94,"column":13}},"20":{"start":{"line":75,"column":14},"end":{"line":78,"column":16}},"21":{"start":{"line":81,"column":14},"end":{"line":83,"column":15}},"22":{"start":{"line":82,"column":16},"end":{"line":82,"column":46}},"23":{"start":{"line":88,"column":14},"end":{"line":88,"column":64}},"24":{"start":{"line":91,"column":14},"end":{"line":93,"column":15}},"25":{"start":{"line":92,"column":16},"end":{"line":92,"column":47}},"26":{"start":{"line":100,"column":6},"end":{"line":100,"column":72}},"27":{"start":{"line":106,"column":2},"end":{"line":129,"column":7}},"28":{"start":{"line":109,"column":26},"end":{"line":109,"column":62}},"29":{"start":{"line":110,"column":6},"end":{"line":123,"column":7}},"30":{"start":{"line":115,"column":8},"end":{"line":119,"column":11}},"31":{"start":{"line":116,"column":10},"end":{"line":118,"column":13}},"32":{"start":{"line":117,"column":12},"end":{"line":117,"column":37}},"33":{"start":{"line":122,"column":8},"end":{"line":122,"column":39}},"34":{"start":{"line":126,"column":6},"end":{"line":128,"column":8}},"35":{"start":{"line":133,"column":2},"end":{"line":137,"column":3}},"36":{"start":{"line":134,"column":4},"end":{"line":136,"column":7}},"37":{"start":{"line":135,"column":6},"end":{"line":135,"column":32}}},"fnMap":{"0":{"name":"register","decl":{"start":{"line":25,"column":16},"end":{"line":25,"column":24}},"loc":{"start":{"line":25,"column":33},"end":{"line":57,"column":1}},"line":25},"1":{"name":"(anonymous_1)","decl":{"start":{"line":36,"column":36},"end":{"line":36,"column":37}},"loc":{"start":{"line":36,"column":42},"end":{"line":55,"column":5}},"line":36},"2":{"name":"(anonymous_2)","decl":{"start":{"line":45,"column":43},"end":{"line":45,"column":44}},"loc":{"start":{"line":45,"column":49},"end":{"line":50,"column":9}},"line":45},"3":{"name":"registerValidSW","decl":{"start":{"line":59,"column":9},"end":{"line":59,"column":24}},"loc":{"start":{"line":59,"column":40},"end":{"line":102,"column":1}},"line":59},"4":{"name":"(anonymous_4)","decl":{"start":{"line":62,"column":10},"end":{"line":62,"column":11}},"loc":{"start":{"line":62,"column":26},"end":{"line":98,"column":5}},"line":62},"5":{"name":"(anonymous_5)","decl":{"start":{"line":63,"column":35},"end":{"line":63,"column":36}},"loc":{"start":{"line":63,"column":41},"end":{"line":97,"column":7}},"line":63},"6":{"name":"(anonymous_6)","decl":{"start":{"line":69,"column":41},"end":{"line":69,"column":42}},"loc":{"start":{"line":69,"column":47},"end":{"line":96,"column":9}},"line":69},"7":{"name":"(anonymous_7)","decl":{"start":{"line":99,"column":11},"end":{"line":99,"column":12}},"loc":{"start":{"line":99,"column":20},"end":{"line":101,"column":5}},"line":99},"8":{"name":"checkValidServiceWorker","decl":{"start":{"line":104,"column":9},"end":{"line":104,"column":32}},"loc":{"start":{"line":104,"column":48},"end":{"line":130,"column":1}},"line":104},"9":{"name":"(anonymous_9)","decl":{"start":{"line":107,"column":10},"end":{"line":107,"column":11}},"loc":{"start":{"line":107,"column":22},"end":{"line":124,"column":5}},"line":107},"10":{"name":"(anonymous_10)","decl":{"start":{"line":115,"column":43},"end":{"line":115,"column":44}},"loc":{"start":{"line":115,"column":59},"end":{"line":119,"column":9}},"line":115},"11":{"name":"(anonymous_11)","decl":{"start":{"line":116,"column":41},"end":{"line":116,"column":42}},"loc":{"start":{"line":116,"column":47},"end":{"line":118,"column":11}},"line":116},"12":{"name":"(anonymous_12)","decl":{"start":{"line":125,"column":11},"end":{"line":125,"column":12}},"loc":{"start":{"line":125,"column":17},"end":{"line":129,"column":5}},"line":125},"13":{"name":"unregister","decl":{"start":{"line":132,"column":16},"end":{"line":132,"column":26}},"loc":{"start":{"line":132,"column":29},"end":{"line":138,"column":1}},"line":132},"14":{"name":"(anonymous_14)","decl":{"start":{"line":134,"column":39},"end":{"line":134,"column":40}},"loc":{"start":{"line":134,"column":55},"end":{"line":136,"column":5}},"line":134}},"branchMap":{"0":{"loc":{"start":{"line":16,"column":2},"end":{"line":22,"column":5}},"type":"binary-expr","locations":[{"start":{"line":16,"column":2},"end":{"line":16,"column":42}},{"start":{"line":18,"column":4},"end":{"line":18,"column":40}},{"start":{"line":20,"column":4},"end":{"line":22,"column":5}}],"line":16},"1":{"loc":{"start":{"line":26,"column":2},"end":{"line":56,"column":3}},"type":"if","locations":[{"start":{"line":26,"column":2},"end":{"line":56,"column":3}},{"start":{"line":26,"column":2},"end":{"line":56,"column":3}}],"line":26},"2":{"loc":{"start":{"line":26,"column":6},"end":{"line":26,"column":75}},"type":"binary-expr","locations":[{"start":{"line":26,"column":6},"end":{"line":26,"column":43}},{"start":{"line":26,"column":47},"end":{"line":26,"column":75}}],"line":26},"3":{"loc":{"start":{"line":29,"column":4},"end":{"line":34,"column":5}},"type":"if","locations":[{"start":{"line":29,"column":4},"end":{"line":34,"column":5}},{"start":{"line":29,"column":4},"end":{"line":34,"column":5}}],"line":29},"4":{"loc":{"start":{"line":39,"column":6},"end":{"line":54,"column":7}},"type":"if","locations":[{"start":{"line":39,"column":6},"end":{"line":54,"column":7}},{"start":{"line":39,"column":6},"end":{"line":54,"column":7}}],"line":39},"5":{"loc":{"start":{"line":65,"column":8},"end":{"line":67,"column":9}},"type":"if","locations":[{"start":{"line":65,"column":8},"end":{"line":67,"column":9}},{"start":{"line":65,"column":8},"end":{"line":67,"column":9}}],"line":65},"6":{"loc":{"start":{"line":70,"column":10},"end":{"line":95,"column":11}},"type":"if","locations":[{"start":{"line":70,"column":10},"end":{"line":95,"column":11}},{"start":{"line":70,"column":10},"end":{"line":95,"column":11}}],"line":70},"7":{"loc":{"start":{"line":71,"column":12},"end":{"line":94,"column":13}},"type":"if","locations":[{"start":{"line":71,"column":12},"end":{"line":94,"column":13}},{"start":{"line":71,"column":12},"end":{"line":94,"column":13}}],"line":71},"8":{"loc":{"start":{"line":81,"column":14},"end":{"line":83,"column":15}},"type":"if","locations":[{"start":{"line":81,"column":14},"end":{"line":83,"column":15}},{"start":{"line":81,"column":14},"end":{"line":83,"column":15}}],"line":81},"9":{"loc":{"start":{"line":81,"column":18},"end":{"line":81,"column":43}},"type":"binary-expr","locations":[{"start":{"line":81,"column":18},"end":{"line":81,"column":24}},{"start":{"line":81,"column":28},"end":{"line":81,"column":43}}],"line":81},"10":{"loc":{"start":{"line":91,"column":14},"end":{"line":93,"column":15}},"type":"if","locations":[{"start":{"line":91,"column":14},"end":{"line":93,"column":15}},{"start":{"line":91,"column":14},"end":{"line":93,"column":15}}],"line":91},"11":{"loc":{"start":{"line":91,"column":18},"end":{"line":91,"column":44}},"type":"binary-expr","locations":[{"start":{"line":91,"column":18},"end":{"line":91,"column":24}},{"start":{"line":91,"column":28},"end":{"line":91,"column":44}}],"line":91},"12":{"loc":{"start":{"line":110,"column":6},"end":{"line":123,"column":7}},"type":"if","locations":[{"start":{"line":110,"column":6},"end":{"line":123,"column":7}},{"start":{"line":110,"column":6},"end":{"line":123,"column":7}}],"line":110},"13":{"loc":{"start":{"line":111,"column":8},"end":{"line":112,"column":73}},"type":"binary-expr","locations":[{"start":{"line":111,"column":8},"end":{"line":111,"column":31}},{"start":{"line":112,"column":9},"end":{"line":112,"column":28}},{"start":{"line":112,"column":32},"end":{"line":112,"column":72}}],"line":111},"14":{"loc":{"start":{"line":133,"column":2},"end":{"line":137,"column":3}},"type":"if","locations":[{"start":{"line":133,"column":2},"end":{"line":137,"column":3}},{"start":{"line":133,"column":2},"end":{"line":137,"column":3}}],"line":133}},"s":{"0":0,"1":0,"2":0,"3":0,"4":0,"5":0,"6":0,"7":0,"8":0,"9":0,"10":0,"11":0,"12":0,"13":0,"14":0,"15":0,"16":0,"17":0,"18":0,"19":0,"20":0,"21":0,"22":0,"23":0,"24":0,"25":0,"26":0,"27":0,"28":0,"29":0,"30":0,"31":0,"32":0,"33":0,"34":0,"35":0,"36":0,"37":0},"f":{"0":0,"1":0,"2":0,"3":0,"4":0,"5":0,"6":0,"7":0,"8":0,"9":0,"10":0,"11":0,"12":0,"13":0,"14":0},"b":{"0":[0,0,0],"1":[0,0],"2":[0,0],"3":[0,0],"4":[0,0],"5":[0,0],"6":[0,0],"7":[0,0],"8":[0,0],"9":[0,0],"10":[0,0],"11":[0,0],"12":[0,0],"13":[0,0,0],"14":[0,0]},"hash":"cbe72c7a767c7c023ac4ba7ecd13a517145ee8bf"}
,"/Users/karel-kryspinkratochvil/WebstormProjects/cipher-chat/client/src/components/badge.js": {"path":"/Users/karel-kryspinkratochvil/WebstormProjects/cipher-chat/client/src/components/badge.js","statementMap":{"0":{"start":{"line":3,"column":14},"end":{"line":11,"column":1}}},"fnMap":{},"branchMap":{},"s":{"0":0},"f":{},"b":{},"hash":"dd6947073dc9243d4a04c9b102a57048745f9d7d"}
,"/Users/karel-kryspinkratochvil/WebstormProjects/cipher-chat/client/src/components/card.jsx": {"path":"/Users/karel-kryspinkratochvil/WebstormProjects/cipher-chat/client/src/components/card.jsx","statementMap":{"0":{"start":{"line":4,"column":16},"end":{"line":12,"column":1}},"1":{"start":{"line":14,"column":13},"end":{"line":16,"column":1}},"2":{"start":{"line":15,"column":2},"end":{"line":15,"column":39}}},"fnMap":{"0":{"name":"(anonymous_0)","decl":{"start":{"line":14,"column":13},"end":{"line":14,"column":14}},"loc":{"start":{"line":14,"column":31},"end":{"line":16,"column":1}},"line":14}},"branchMap":{},"s":{"0":0,"1":0,"2":0},"f":{"0":0},"b":{},"hash":"52f4bc75280aa44b6405fb729b407d7b51aedc70"}
,"/Users/karel-kryspinkratochvil/WebstormProjects/cipher-chat/client/src/components/container.jsx": {"path":"/Users/karel-kryspinkratochvil/WebstormProjects/cipher-chat/client/src/components/container.jsx","statementMap":{"0":{"start":{"line":4,"column":21},"end":{"line":20,"column":1}},"1":{"start":{"line":22,"column":18},"end":{"line":24,"column":1}},"2":{"start":{"line":23,"column":2},"end":{"line":23,"column":59}}},"fnMap":{"0":{"name":"(anonymous_0)","decl":{"start":{"line":22,"column":18},"end":{"line":22,"column":19}},"loc":{"start":{"line":22,"column":45},"end":{"line":24,"column":1}},"line":22}},"branchMap":{},"s":{"0":0,"1":0,"2":0},"f":{"0":0},"b":{},"hash":"066a5af8058c712ad06bdddb163b05a1977805e4"}
,"/Users/karel-kryspinkratochvil/WebstormProjects/cipher-chat/client/src/components/containerItem.js": {"path":"/Users/karel-kryspinkratochvil/WebstormProjects/cipher-chat/client/src/components/containerItem.js","statementMap":{"0":{"start":{"line":3,"column":22},"end":{"line":22,"column":1}},"1":{"start":{"line":4,"column":33},"end":{"line":4,"column":60}},"2":{"start":{"line":5,"column":29},"end":{"line":5,"column":54}}},"fnMap":{"0":{"name":"(anonymous_0)","decl":{"start":{"line":4,"column":16},"end":{"line":4,"column":17}},"loc":{"start":{"line":4,"column":33},"end":{"line":4,"column":60}},"line":4},"1":{"name":"(anonymous_1)","decl":{"start":{"line":5,"column":12},"end":{"line":5,"column":13}},"loc":{"start":{"line":5,"column":29},"end":{"line":5,"column":54}},"line":5}},"branchMap":{"0":{"loc":{"start":{"line":4,"column":33},"end":{"line":4,"column":60}},"type":"cond-expr","locations":[{"start":{"line":4,"column":42},"end":{"line":4,"column":51}},{"start":{"line":4,"column":54},"end":{"line":4,"column":60}}],"line":4},"1":{"loc":{"start":{"line":5,"column":29},"end":{"line":5,"column":54}},"type":"cond-expr","locations":[{"start":{"line":5,"column":38},"end":{"line":5,"column":45}},{"start":{"line":5,"column":48},"end":{"line":5,"column":54}}],"line":5}},"s":{"0":0,"1":0,"2":0},"f":{"0":0,"1":0},"b":{"0":[0,0],"1":[0,0]},"hash":"44466552234628bfe811098a5ba00cc31d91f480"}
,"/Users/karel-kryspinkratochvil/WebstormProjects/cipher-chat/client/src/components/footer.jsx": {"path":"/Users/karel-kryspinkratochvil/WebstormProjects/cipher-chat/client/src/components/footer.jsx","statementMap":{"0":{"start":{"line":4,"column":19},"end":{"line":14,"column":1}},"1":{"start":{"line":16,"column":15},"end":{"line":35,"column":1}},"2":{"start":{"line":18,"column":4},"end":{"line":18,"column":26}},"3":{"start":{"line":21,"column":2},"end":{"line":34,"column":4}},"4":{"start":{"line":25,"column":25},"end":{"line":25,"column":68}},"5":{"start":{"line":29,"column":25},"end":{"line":29,"column":64}}},"fnMap":{"0":{"name":"(anonymous_0)","decl":{"start":{"line":16,"column":15},"end":{"line":16,"column":16}},"loc":{"start":{"line":16,"column":21},"end":{"line":35,"column":1}},"line":16},"1":{"name":"goto","decl":{"start":{"line":17,"column":11},"end":{"line":17,"column":15}},"loc":{"start":{"line":17,"column":21},"end":{"line":19,"column":3}},"line":17},"2":{"name":"(anonymous_2)","decl":{"start":{"line":25,"column":19},"end":{"line":25,"column":20}},"loc":{"start":{"line":25,"column":25},"end":{"line":25,"column":68}},"line":25},"3":{"name":"(anonymous_3)","decl":{"start":{"line":29,"column":19},"end":{"line":29,"column":20}},"loc":{"start":{"line":29,"column":25},"end":{"line":29,"column":64}},"line":29}},"branchMap":{},"s":{"0":0,"1":0,"2":0,"3":0,"4":0,"5":0},"f":{"0":0,"1":0,"2":0,"3":0},"b":{},"hash":"04f80deb2560ae7115e8df9f2c7636cfa216e4fb"}
,"/Users/karel-kryspinkratochvil/WebstormProjects/cipher-chat/client/src/components/input.jsx": {"path":"/Users/karel-kryspinkratochvil/WebstormProjects/cipher-chat/client/src/components/input.jsx","statementMap":{"0":{"start":{"line":4,"column":19},"end":{"line":18,"column":1}},"1":{"start":{"line":20,"column":14},"end":{"line":22,"column":1}},"2":{"start":{"line":21,"column":2},"end":{"line":21,"column":35}}},"fnMap":{"0":{"name":"(anonymous_0)","decl":{"start":{"line":20,"column":14},"end":{"line":20,"column":15}},"loc":{"start":{"line":20,"column":23},"end":{"line":22,"column":1}},"line":20}},"branchMap":{},"s":{"0":0,"1":0,"2":0},"f":{"0":0},"b":{},"hash":"79d4ca99c849fc11b43f51ec25ddb441c2cf7d2d"}
,"/Users/karel-kryspinkratochvil/WebstormProjects/cipher-chat/client/src/components/chat/chat.jsx": {"path":"/Users/karel-kryspinkratochvil/WebstormProjects/cipher-chat/client/src/components/chat/chat.jsx","statementMap":{"0":{"start":{"line":14,"column":15},"end":{"line":16,"column":1}},"1":{"start":{"line":18,"column":13},"end":{"line":210,"column":1}},"2":{"start":{"line":19,"column":26},"end":{"line":19,"column":38}},"3":{"start":{"line":20,"column":32},"end":{"line":20,"column":50}},"4":{"start":{"line":21,"column":34},"end":{"line":21,"column":48}},"5":{"start":{"line":22,"column":32},"end":{"line":22,"column":47}},"6":{"start":{"line":24,"column":19},"end":{"line":24,"column":28}},"7":{"start":{"line":26,"column":17},"end":{"line":26,"column":43}},"8":{"start":{"line":27,"column":2},"end":{"line":51,"column":9}},"9":{"start":{"line":28,"column":4},"end":{"line":28,"column":21}},"10":{"start":{"line":31,"column":6},"end":{"line":41,"column":7}},"11":{"start":{"line":32,"column":20},"end":{"line":34,"column":10}},"12":{"start":{"line":36,"column":31},"end":{"line":36,"column":34}},"13":{"start":{"line":37,"column":8},"end":{"line":37,"column":22}},"14":{"start":{"line":39,"column":8},"end":{"line":40,"column":25}},"15":{"start":{"line":39,"column":35},"end":{"line":39,"column":64}},"16":{"start":{"line":40,"column":13},"end":{"line":40,"column":25}},"17":{"start":{"line":44,"column":4},"end":{"line":44,"column":14}},"18":{"start":{"line":46,"column":4},"end":{"line":46,"column":33}},"19":{"start":{"line":47,"column":4},"end":{"line":50,"column":6}},"20":{"start":{"line":48,"column":6},"end":{"line":48,"column":22}},"21":{"start":{"line":49,"column":6},"end":{"line":49,"column":26}},"22":{"start":{"line":53,"column":2},"end":{"line":64,"column":13}},"23":{"start":{"line":54,"column":26},"end":{"line":54,"column":58}},"24":{"start":{"line":55,"column":4},"end":{"line":63,"column":5}},"25":{"start":{"line":56,"column":6},"end":{"line":56,"column":17}},"26":{"start":{"line":57,"column":6},"end":{"line":57,"column":53}},"27":{"start":{"line":59,"column":29},"end":{"line":59,"column":54}},"28":{"start":{"line":61,"column":6},"end":{"line":62,"column":30}},"29":{"start":{"line":61,"column":26},"end":{"line":61,"column":37}},"30":{"start":{"line":62,"column":11},"end":{"line":62,"column":30}},"31":{"start":{"line":67,"column":4},"end":{"line":68,"column":20}},"32":{"start":{"line":67,"column":18},"end":{"line":67,"column":30}},"33":{"start":{"line":68,"column":9},"end":{"line":68,"column":20}},"34":{"start":{"line":72,"column":28},"end":{"line":78,"column":5}},"35":{"start":{"line":80,"column":4},"end":{"line":80,"column":35}},"36":{"start":{"line":81,"column":4},"end":{"line":81,"column":22}},"37":{"start":{"line":82,"column":4},"end":{"line":82,"column":43}},"38":{"start":{"line":86,"column":4},"end":{"line":86,"column":32}},"39":{"start":{"line":87,"column":4},"end":{"line":87,"column":23}},"40":{"start":{"line":88,"column":4},"end":{"line":88,"column":44}},"41":{"start":{"line":92,"column":19},"end":{"line":92,"column":46}},"42":{"start":{"line":94,"column":21},"end":{"line":94,"column":39}},"43":{"start":{"line":96,"column":16},"end":{"line":96,"column":42}},"44":{"start":{"line":98,"column":17},"end":{"line":98,"column":47}},"45":{"start":{"line":99,"column":4},"end":{"line":99,"column":28}},"46":{"start":{"line":101,"column":4},"end":{"line":101,"column":16}},"47":{"start":{"line":105,"column":27},"end":{"line":105,"column":63}},"48":{"start":{"line":106,"column":30},"end":{"line":106,"column":56}},"49":{"start":{"line":107,"column":24},"end":{"line":107,"column":59}},"50":{"start":{"line":109,"column":4},"end":{"line":109,"column":54}},"51":{"start":{"line":109,"column":19},"end":{"line":109,"column":54}},"52":{"start":{"line":111,"column":23},"end":{"line":111,"column":74}},"53":{"start":{"line":112,"column":4},"end":{"line":112,"column":22}},"54":{"start":{"line":116,"column":18},"end":{"line":116,"column":29}},"55":{"start":{"line":117,"column":4},"end":{"line":117,"column":20}},"56":{"start":{"line":119,"column":4},"end":{"line":124,"column":5}},"57":{"start":{"line":120,"column":6},"end":{"line":120,"column":40}},"58":{"start":{"line":121,"column":6},"end":{"line":121,"column":21}},"59":{"start":{"line":123,"column":6},"end":{"line":123,"column":23}},"60":{"start":{"line":128,"column":4},"end":{"line":128,"column":24}},"61":{"start":{"line":132,"column":22},"end":{"line":132,"column":50}},"62":{"start":{"line":134,"column":4},"end":{"line":134,"column":57}},"63":{"start":{"line":135,"column":4},"end":{"line":135,"column":52}},"64":{"start":{"line":137,"column":4},"end":{"line":137,"column":26}},"65":{"start":{"line":138,"column":4},"end":{"line":138,"column":23}},"66":{"start":{"line":140,"column":4},"end":{"line":140,"column":42}},"67":{"start":{"line":144,"column":35},"end":{"line":144,"column":39}},"68":{"start":{"line":145,"column":36},"end":{"line":145,"column":44}},"69":{"start":{"line":147,"column":19},"end":{"line":147,"column":45}},"70":{"start":{"line":148,"column":22},"end":{"line":148,"column":51}},"71":{"start":{"line":150,"column":4},"end":{"line":150,"column":21}},"72":{"start":{"line":153,"column":2},"end":{"line":209,"column":4}},"73":{"start":{"line":176,"column":14},"end":{"line":183,"column":16}},"74":{"start":{"line":189,"column":14},"end":{"line":194,"column":16}},"75":{"start":{"line":201,"column":14},"end":{"line":201,"column":73}}},"fnMap":{"0":{"name":"(anonymous_0)","decl":{"start":{"line":18,"column":13},"end":{"line":18,"column":14}},"loc":{"start":{"line":18,"column":40},"end":{"line":210,"column":1}},"line":18},"1":{"name":"(anonymous_1)","decl":{"start":{"line":27,"column":12},"end":{"line":27,"column":13}},"loc":{"start":{"line":27,"column":18},"end":{"line":51,"column":3}},"line":27},"2":{"name":"getUser","decl":{"start":{"line":30,"column":19},"end":{"line":30,"column":26}},"loc":{"start":{"line":30,"column":29},"end":{"line":42,"column":5}},"line":30},"3":{"name":"(anonymous_3)","decl":{"start":{"line":47,"column":11},"end":{"line":47,"column":12}},"loc":{"start":{"line":47,"column":17},"end":{"line":50,"column":5}},"line":47},"4":{"name":"(anonymous_4)","decl":{"start":{"line":53,"column":12},"end":{"line":53,"column":13}},"loc":{"start":{"line":53,"column":18},"end":{"line":64,"column":3}},"line":53},"5":{"name":"changeStatus","decl":{"start":{"line":66,"column":17},"end":{"line":66,"column":29}},"loc":{"start":{"line":66,"column":32},"end":{"line":69,"column":3}},"line":66},"6":{"name":"beOnline","decl":{"start":{"line":71,"column":17},"end":{"line":71,"column":25}},"loc":{"start":{"line":71,"column":28},"end":{"line":83,"column":3}},"line":71},"7":{"name":"beOffline","decl":{"start":{"line":85,"column":11},"end":{"line":85,"column":20}},"loc":{"start":{"line":85,"column":23},"end":{"line":89,"column":3}},"line":85},"8":{"name":"getECDH","decl":{"start":{"line":91,"column":11},"end":{"line":91,"column":18}},"loc":{"start":{"line":91,"column":21},"end":{"line":102,"column":3}},"line":91},"9":{"name":"getPassphrase","decl":{"start":{"line":104,"column":11},"end":{"line":104,"column":24}},"loc":{"start":{"line":104,"column":27},"end":{"line":113,"column":3}},"line":104},"10":{"name":"handleUpdateUserBio","decl":{"start":{"line":115,"column":17},"end":{"line":115,"column":36}},"loc":{"start":{"line":115,"column":42},"end":{"line":125,"column":3}},"line":115},"11":{"name":"flipOpenNav","decl":{"start":{"line":127,"column":11},"end":{"line":127,"column":22}},"loc":{"start":{"line":127,"column":43},"end":{"line":129,"column":3}},"line":127},"12":{"name":"handleChannelOpen","decl":{"start":{"line":131,"column":11},"end":{"line":131,"column":28}},"loc":{"start":{"line":131,"column":45},"end":{"line":141,"column":3}},"line":131},"13":{"name":"getChannelId","decl":{"start":{"line":143,"column":11},"end":{"line":143,"column":23}},"loc":{"start":{"line":143,"column":40},"end":{"line":151,"column":3}},"line":143},"14":{"name":"(anonymous_14)","decl":{"start":{"line":175,"column":20},"end":{"line":175,"column":21}},"loc":{"start":{"line":176,"column":14},"end":{"line":183,"column":16}},"line":176},"15":{"name":"(anonymous_15)","decl":{"start":{"line":188,"column":20},"end":{"line":188,"column":21}},"loc":{"start":{"line":189,"column":14},"end":{"line":194,"column":16}},"line":189},"16":{"name":"(anonymous_16)","decl":{"start":{"line":200,"column":20},"end":{"line":200,"column":21}},"loc":{"start":{"line":201,"column":14},"end":{"line":201,"column":73}},"line":201}},"branchMap":{"0":{"loc":{"start":{"line":15,"column":2},"end":{"line":15,"column":66}},"type":"binary-expr","locations":[{"start":{"line":15,"column":2},"end":{"line":15,"column":39}},{"start":{"line":15,"column":43},"end":{"line":15,"column":66}}],"line":15},"1":{"loc":{"start":{"line":39,"column":8},"end":{"line":40,"column":25}},"type":"if","locations":[{"start":{"line":39,"column":8},"end":{"line":40,"column":25}},{"start":{"line":39,"column":8},"end":{"line":40,"column":25}}],"line":39},"2":{"loc":{"start":{"line":55,"column":4},"end":{"line":63,"column":5}},"type":"if","locations":[{"start":{"line":55,"column":4},"end":{"line":63,"column":5}},{"start":{"line":55,"column":4},"end":{"line":63,"column":5}}],"line":55},"3":{"loc":{"start":{"line":61,"column":6},"end":{"line":62,"column":30}},"type":"if","locations":[{"start":{"line":61,"column":6},"end":{"line":62,"column":30}},{"start":{"line":61,"column":6},"end":{"line":62,"column":30}}],"line":61},"4":{"loc":{"start":{"line":67,"column":4},"end":{"line":68,"column":20}},"type":"if","locations":[{"start":{"line":67,"column":4},"end":{"line":68,"column":20}},{"start":{"line":67,"column":4},"end":{"line":68,"column":20}}],"line":67},"5":{"loc":{"start":{"line":109,"column":4},"end":{"line":109,"column":54}},"type":"if","locations":[{"start":{"line":109,"column":4},"end":{"line":109,"column":54}},{"start":{"line":109,"column":4},"end":{"line":109,"column":54}}],"line":109},"6":{"loc":{"start":{"line":127,"column":23},"end":{"line":127,"column":41}},"type":"default-arg","locations":[{"start":{"line":127,"column":33},"end":{"line":127,"column":41}}],"line":127}},"s":{"0":0,"1":0,"2":0,"3":0,"4":0,"5":0,"6":0,"7":0,"8":0,"9":0,"10":0,"11":0,"12":0,"13":0,"14":0,"15":0,"16":0,"17":0,"18":0,"19":0,"20":0,"21":0,"22":0,"23":0,"24":0,"25":0,"26":0,"27":0,"28":0,"29":0,"30":0,"31":0,"32":0,"33":0,"34":0,"35":0,"36":0,"37":0,"38":0,"39":0,"40":0,"41":0,"42":0,"43":0,"44":0,"45":0,"46":0,"47":0,"48":0,"49":0,"50":0,"51":0,"52":0,"53":0,"54":0,"55":0,"56":0,"57":0,"58":0,"59":0,"60":0,"61":0,"62":0,"63":0,"64":0,"65":0,"66":0,"67":0,"68":0,"69":0,"70":0,"71":0,"72":0,"73":0,"74":0,"75":0},"f":{"0":0,"1":0,"2":0,"3":0,"4":0,"5":0,"6":0,"7":0,"8":0,"9":0,"10":0,"11":0,"12":0,"13":0,"14":0,"15":0,"16":0},"b":{"0":[0,0],"1":[0,0],"2":[0,0],"3":[0,0],"4":[0,0],"5":[0,0],"6":[0]},"hash":"0a2bab5fe9b86adfad699aad0f0a25fd7f7c4037"}
,"/Users/karel-kryspinkratochvil/WebstormProjects/cipher-chat/client/src/components/chatbox/chatForm.jsx": {"path":"/Users/karel-kryspinkratochvil/WebstormProjects/cipher-chat/client/src/components/chatbox/chatForm.jsx","statementMap":{"0":{"start":{"line":6,"column":19},"end":{"line":13,"column":1}},"1":{"start":{"line":15,"column":21},"end":{"line":17,"column":1}},"2":{"start":{"line":19,"column":17},"end":{"line":64,"column":1}},"3":{"start":{"line":20,"column":32},"end":{"line":20,"column":44}},"4":{"start":{"line":21,"column":34},"end":{"line":21,"column":49}},"5":{"start":{"line":24,"column":4},"end":{"line":24,"column":29}},"6":{"start":{"line":28,"column":4},"end":{"line":28,"column":23}},"7":{"start":{"line":29,"column":4},"end":{"line":29,"column":38}},"8":{"start":{"line":29,"column":31},"end":{"line":29,"column":38}},"9":{"start":{"line":31,"column":4},"end":{"line":31,"column":22}},"10":{"start":{"line":32,"column":4},"end":{"line":32,"column":27}},"11":{"start":{"line":34,"column":4},"end":{"line":37,"column":13}},"12":{"start":{"line":35,"column":6},"end":{"line":35,"column":25}},"13":{"start":{"line":36,"column":6},"end":{"line":36,"column":21}},"14":{"start":{"line":40,"column":27},"end":{"line":42,"column":49}},"15":{"start":{"line":44,"column":2},"end":{"line":63,"column":4}}},"fnMap":{"0":{"name":"(anonymous_0)","decl":{"start":{"line":19,"column":17},"end":{"line":19,"column":18}},"loc":{"start":{"line":19,"column":50},"end":{"line":64,"column":1}},"line":19},"1":{"name":"handleMessageChange","decl":{"start":{"line":23,"column":11},"end":{"line":23,"column":30}},"loc":{"start":{"line":23,"column":43},"end":{"line":25,"column":3}},"line":23},"2":{"name":"handleSendEvent","decl":{"start":{"line":27,"column":11},"end":{"line":27,"column":26}},"loc":{"start":{"line":27,"column":30},"end":{"line":38,"column":3}},"line":27},"3":{"name":"(anonymous_3)","decl":{"start":{"line":34,"column":15},"end":{"line":34,"column":16}},"loc":{"start":{"line":34,"column":21},"end":{"line":37,"column":5}},"line":34}},"branchMap":{"0":{"loc":{"start":{"line":29,"column":4},"end":{"line":29,"column":38}},"type":"if","locations":[{"start":{"line":29,"column":4},"end":{"line":29,"column":38}},{"start":{"line":29,"column":4},"end":{"line":29,"column":38}}],"line":29},"1":{"loc":{"start":{"line":40,"column":27},"end":{"line":42,"column":49}},"type":"cond-expr","locations":[{"start":{"line":41,"column":6},"end":{"line":41,"column":48}},{"start":{"line":42,"column":6},"end":{"line":42,"column":49}}],"line":40},"2":{"loc":{"start":{"line":49,"column":15},"end":{"line":49,"column":74}},"type":"cond-expr","locations":[{"start":{"line":49,"column":26},"end":{"line":49,"column":64}},{"start":{"line":49,"column":67},"end":{"line":49,"column":74}}],"line":49}},"s":{"0":0,"1":0,"2":0,"3":0,"4":0,"5":0,"6":0,"7":0,"8":0,"9":0,"10":0,"11":0,"12":0,"13":0,"14":0,"15":0},"f":{"0":0,"1":0,"2":0,"3":0},"b":{"0":[0,0],"1":[0,0],"2":[0,0]},"hash":"acade3843662149381e6d2fa04b1ad9c9748c1ad"}
,"/Users/karel-kryspinkratochvil/WebstormProjects/cipher-chat/client/src/components/chatbox/chatbox.jsx": {"path":"/Users/karel-kryspinkratochvil/WebstormProjects/cipher-chat/client/src/components/chatbox/chatbox.jsx","statementMap":{"0":{"start":{"line":9,"column":24},"end":{"line":9,"column":32}},"1":{"start":{"line":11,"column":16},"end":{"line":163,"column":1}},"2":{"start":{"line":12,"column":28},"end":{"line":12,"column":40}},"3":{"start":{"line":14,"column":18},"end":{"line":14,"column":38}},"4":{"start":{"line":15,"column":19},"end":{"line":15,"column":39}},"5":{"start":{"line":16,"column":16},"end":{"line":16,"column":35}},"6":{"start":{"line":17,"column":21},"end":{"line":17,"column":48}},"7":{"start":{"line":19,"column":17},"end":{"line":19,"column":43}},"8":{"start":{"line":20,"column":2},"end":{"line":45,"column":16}},"9":{"start":{"line":21,"column":4},"end":{"line":21,"column":17}},"10":{"start":{"line":23,"column":28},"end":{"line":34,"column":5}},"11":{"start":{"line":24,"column":6},"end":{"line":33,"column":7}},"12":{"start":{"line":25,"column":39},"end":{"line":27,"column":10}},"13":{"start":{"line":29,"column":8},"end":{"line":29,"column":34}},"14":{"start":{"line":31,"column":8},"end":{"line":32,"column":25}},"15":{"start":{"line":31,"column":35},"end":{"line":31,"column":64}},"16":{"start":{"line":32,"column":13},"end":{"line":32,"column":25}},"17":{"start":{"line":36,"column":4},"end":{"line":36,"column":22}},"18":{"start":{"line":38,"column":4},"end":{"line":42,"column":6}},"19":{"start":{"line":39,"column":6},"end":{"line":39,"column":33}},"20":{"start":{"line":40,"column":6},"end":{"line":40,"column":22}},"21":{"start":{"line":41,"column":6},"end":{"line":41,"column":32}},"22":{"start":{"line":47,"column":2},"end":{"line":54,"column":5}},"23":{"start":{"line":48,"column":4},"end":{"line":48,"column":41}},"24":{"start":{"line":48,"column":34},"end":{"line":48,"column":41}},"25":{"start":{"line":50,"column":26},"end":{"line":50,"column":42}},"26":{"start":{"line":51,"column":22},"end":{"line":51,"column":50}},"27":{"start":{"line":53,"column":4},"end":{"line":53,"column":27}},"28":{"start":{"line":57,"column":19},"end":{"line":57,"column":29}},"29":{"start":{"line":58,"column":17},"end":{"line":58,"column":44}},"30":{"start":{"line":58,"column":34},"end":{"line":58,"column":43}},"31":{"start":{"line":60,"column":4},"end":{"line":60,"column":79}},"32":{"start":{"line":61,"column":4},"end":{"line":63,"column":6}},"33":{"start":{"line":64,"column":4},"end":{"line":66,"column":6}},"34":{"start":{"line":67,"column":4},"end":{"line":67,"column":26}},"35":{"start":{"line":69,"column":4},"end":{"line":69,"column":21}},"36":{"start":{"line":71,"column":4},"end":{"line":71,"column":54}},"37":{"start":{"line":75,"column":4},"end":{"line":75,"column":45}},"38":{"start":{"line":75,"column":26},"end":{"line":75,"column":45}},"39":{"start":{"line":77,"column":4},"end":{"line":77,"column":19}},"40":{"start":{"line":81,"column":17},"end":{"line":81,"column":30}},"41":{"start":{"line":82,"column":22},"end":{"line":82,"column":43}},"42":{"start":{"line":84,"column":20},"end":{"line":98,"column":9}},"43":{"start":{"line":100,"column":30},"end":{"line":102,"column":6}},"44":{"start":{"line":104,"column":4},"end":{"line":104,"column":37}},"45":{"start":{"line":105,"column":4},"end":{"line":105,"column":46}},"46":{"start":{"line":110,"column":4},"end":{"line":112,"column":5}},"47":{"start":{"line":111,"column":6},"end":{"line":111,"column":64}},"48":{"start":{"line":114,"column":4},"end":{"line":114,"column":32}},"49":{"start":{"line":115,"column":4},"end":{"line":117,"column":17}},"50":{"start":{"line":118,"column":4},"end":{"line":118,"column":43}},"51":{"start":{"line":119,"column":4},"end":{"line":119,"column":27}},"52":{"start":{"line":121,"column":4},"end":{"line":121,"column":18}},"53":{"start":{"line":125,"column":20},"end":{"line":125,"column":54}},"54":{"start":{"line":126,"column":4},"end":{"line":126,"column":58}},"55":{"start":{"line":126,"column":17},"end":{"line":126,"column":58}},"56":{"start":{"line":130,"column":18},"end":{"line":130,"column":22}},"57":{"start":{"line":132,"column":4},"end":{"line":153,"column":6}},"58":{"start":{"line":137,"column":10},"end":{"line":146,"column":12}},"59":{"start":{"line":149,"column":8},"end":{"line":149,"column":25}},"60":{"start":{"line":151,"column":8},"end":{"line":151,"column":26}},"61":{"start":{"line":156,"column":2},"end":{"line":162,"column":4}}},"fnMap":{"0":{"name":"(anonymous_0)","decl":{"start":{"line":11,"column":16},"end":{"line":11,"column":17}},"loc":{"start":{"line":11,"column":79},"end":{"line":163,"column":1}},"line":11},"1":{"name":"(anonymous_1)","decl":{"start":{"line":20,"column":12},"end":{"line":20,"column":13}},"loc":{"start":{"line":20,"column":18},"end":{"line":45,"column":3}},"line":20},"2":{"name":"(anonymous_2)","decl":{"start":{"line":23,"column":28},"end":{"line":23,"column":29}},"loc":{"start":{"line":23,"column":40},"end":{"line":34,"column":5}},"line":23},"3":{"name":"(anonymous_3)","decl":{"start":{"line":38,"column":11},"end":{"line":38,"column":12}},"loc":{"start":{"line":38,"column":17},"end":{"line":42,"column":5}},"line":38},"4":{"name":"(anonymous_4)","decl":{"start":{"line":47,"column":27},"end":{"line":47,"column":28}},"loc":{"start":{"line":47,"column":35},"end":{"line":54,"column":3}},"line":47},"5":{"name":"decryptMsg","decl":{"start":{"line":56,"column":11},"end":{"line":56,"column":21}},"loc":{"start":{"line":56,"column":27},"end":{"line":72,"column":3}},"line":56},"6":{"name":"(anonymous_6)","decl":{"start":{"line":58,"column":29},"end":{"line":58,"column":30}},"loc":{"start":{"line":58,"column":34},"end":{"line":58,"column":43}},"line":58},"7":{"name":"updateChats","decl":{"start":{"line":74,"column":11},"end":{"line":74,"column":22}},"loc":{"start":{"line":74,"column":33},"end":{"line":78,"column":3}},"line":74},"8":{"name":"submitMessage","decl":{"start":{"line":80,"column":17},"end":{"line":80,"column":30}},"loc":{"start":{"line":80,"column":40},"end":{"line":107,"column":3}},"line":80},"9":{"name":"encryptMsg","decl":{"start":{"line":109,"column":11},"end":{"line":109,"column":21}},"loc":{"start":{"line":109,"column":42},"end":{"line":122,"column":3}},"line":109},"10":{"name":"updateScroll","decl":{"start":{"line":124,"column":11},"end":{"line":124,"column":23}},"loc":{"start":{"line":124,"column":26},"end":{"line":127,"column":3}},"line":124},"11":{"name":"populateChatBox","decl":{"start":{"line":129,"column":11},"end":{"line":129,"column":26}},"loc":{"start":{"line":129,"column":29},"end":{"line":154,"column":3}},"line":129},"12":{"name":"(anonymous_12)","decl":{"start":{"line":135,"column":16},"end":{"line":135,"column":17}},"loc":{"start":{"line":135,"column":26},"end":{"line":152,"column":7}},"line":135}},"branchMap":{"0":{"loc":{"start":{"line":16,"column":16},"end":{"line":16,"column":35}},"type":"cond-expr","locations":[{"start":{"line":16,"column":27},"end":{"line":16,"column":29}},{"start":{"line":16,"column":32},"end":{"line":16,"column":35}}],"line":16},"1":{"loc":{"start":{"line":17,"column":21},"end":{"line":17,"column":48}},"type":"binary-expr","locations":[{"start":{"line":17,"column":21},"end":{"line":17,"column":29}},{"start":{"line":17,"column":33},"end":{"line":17,"column":48}}],"line":17},"2":{"loc":{"start":{"line":31,"column":8},"end":{"line":32,"column":25}},"type":"if","locations":[{"start":{"line":31,"column":8},"end":{"line":32,"column":25}},{"start":{"line":31,"column":8},"end":{"line":32,"column":25}}],"line":31},"3":{"loc":{"start":{"line":48,"column":4},"end":{"line":48,"column":41}},"type":"if","locations":[{"start":{"line":48,"column":4},"end":{"line":48,"column":41}},{"start":{"line":48,"column":4},"end":{"line":48,"column":41}}],"line":48},"4":{"loc":{"start":{"line":75,"column":4},"end":{"line":75,"column":45}},"type":"if","locations":[{"start":{"line":75,"column":4},"end":{"line":75,"column":45}},{"start":{"line":75,"column":4},"end":{"line":75,"column":45}}],"line":75},"5":{"loc":{"start":{"line":84,"column":20},"end":{"line":98,"column":9}},"type":"cond-expr","locations":[{"start":{"line":85,"column":8},"end":{"line":92,"column":9}},{"start":{"line":93,"column":8},"end":{"line":98,"column":9}}],"line":84},"6":{"loc":{"start":{"line":126,"column":4},"end":{"line":126,"column":58}},"type":"if","locations":[{"start":{"line":126,"column":4},"end":{"line":126,"column":58}},{"start":{"line":126,"column":4},"end":{"line":126,"column":58}}],"line":126},"7":{"loc":{"start":{"line":132,"column":11},"end":{"line":153,"column":5}},"type":"cond-expr","locations":[{"start":{"line":133,"column":6},"end":{"line":133,"column":48}},{"start":{"line":135,"column":6},"end":{"line":152,"column":8}}],"line":132}},"s":{"0":0,"1":0,"2":0,"3":0,"4":0,"5":0,"6":0,"7":0,"8":0,"9":0,"10":0,"11":0,"12":0,"13":0,"14":0,"15":0,"16":0,"17":0,"18":0,"19":0,"20":0,"21":0,"22":0,"23":0,"24":0,"25":0,"26":0,"27":0,"28":0,"29":0,"30":0,"31":0,"32":0,"33":0,"34":0,"35":0,"36":0,"37":0,"38":0,"39":0,"40":0,"41":0,"42":0,"43":0,"44":0,"45":0,"46":0,"47":0,"48":0,"49":0,"50":0,"51":0,"52":0,"53":0,"54":0,"55":0,"56":0,"57":0,"58":0,"59":0,"60":0,"61":0},"f":{"0":0,"1":0,"2":0,"3":0,"4":0,"5":0,"6":0,"7":0,"8":0,"9":0,"10":0,"11":0,"12":0},"b":{"0":[0,0],"1":[0,0],"2":[0,0],"3":[0,0],"4":[0,0],"5":[0,0],"6":[0,0],"7":[0,0]},"hash":"2422404d632e5c36a2be91ee8e55d14d55e8f511"}
,"/Users/karel-kryspinkratochvil/WebstormProjects/cipher-chat/client/src/components/chatbox/chatbubble/chatMsg.jsx": {"path":"/Users/karel-kryspinkratochvil/WebstormProjects/cipher-chat/client/src/components/chatbox/chatbubble/chatMsg.jsx","statementMap":{"0":{"start":{"line":4,"column":16},"end":{"line":15,"column":1}},"1":{"start":{"line":17,"column":16},"end":{"line":25,"column":1}},"2":{"start":{"line":19,"column":4},"end":{"line":19,"column":71}},"3":{"start":{"line":19,"column":18},"end":{"line":19,"column":71}},"4":{"start":{"line":19,"column":34},"end":{"line":19,"column":71}},"5":{"start":{"line":21,"column":4},"end":{"line":21,"column":19}},"6":{"start":{"line":24,"column":2},"end":{"line":24,"column":57}}},"fnMap":{"0":{"name":"(anonymous_0)","decl":{"start":{"line":17,"column":16},"end":{"line":17,"column":17}},"loc":{"start":{"line":17,"column":63},"end":{"line":25,"column":1}},"line":17},"1":{"name":"displayMessage","decl":{"start":{"line":18,"column":11},"end":{"line":18,"column":25}},"loc":{"start":{"line":18,"column":28},"end":{"line":22,"column":3}},"line":18}},"branchMap":{"0":{"loc":{"start":{"line":19,"column":4},"end":{"line":19,"column":71}},"type":"if","locations":[{"start":{"line":19,"column":4},"end":{"line":19,"column":71}},{"start":{"line":19,"column":4},"end":{"line":19,"column":71}}],"line":19},"1":{"loc":{"start":{"line":19,"column":18},"end":{"line":19,"column":71}},"type":"if","locations":[{"start":{"line":19,"column":18},"end":{"line":19,"column":71}},{"start":{"line":19,"column":18},"end":{"line":19,"column":71}}],"line":19}},"s":{"0":0,"1":0,"2":0,"3":0,"4":0,"5":0,"6":0},"f":{"0":0,"1":0},"b":{"0":[0,0],"1":[0,0]},"hash":"e75df651acd839314abe1cf2b25dca9d11f3155b"}
,"/Users/karel-kryspinkratochvil/WebstormProjects/cipher-chat/client/src/components/chatbox/chatbubble/chatTimestamp.jsx": {"path":"/Users/karel-kryspinkratochvil/WebstormProjects/cipher-chat/client/src/components/chatbox/chatbubble/chatTimestamp.jsx","statementMap":{"0":{"start":{"line":4,"column":18},"end":{"line":10,"column":1}},"1":{"start":{"line":12,"column":22},"end":{"line":68,"column":1}},"2":{"start":{"line":13,"column":23},"end":{"line":55,"column":3}},"3":{"start":{"line":14,"column":4},"end":{"line":14,"column":51}},"4":{"start":{"line":14,"column":18},"end":{"line":14,"column":51}},"5":{"start":{"line":14,"column":34},"end":{"line":14,"column":51}},"6":{"start":{"line":16,"column":23},"end":{"line":29,"column":5}},"7":{"start":{"line":31,"column":21},"end":{"line":39,"column":5}},"8":{"start":{"line":41,"column":26},"end":{"line":41,"column":45}},"9":{"start":{"line":43,"column":18},"end":{"line":43,"column":42}},"10":{"start":{"line":44,"column":16},"end":{"line":44,"column":38}},"11":{"start":{"line":45,"column":17},"end":{"line":45,"column":40}},"12":{"start":{"line":46,"column":18},"end":{"line":46,"column":42}},"13":{"start":{"line":47,"column":24},"end":{"line":47,"column":56}},"14":{"start":{"line":48,"column":20},"end":{"line":48,"column":46}},"15":{"start":{"line":49,"column":26},"end":{"line":49,"column":64}},"16":{"start":{"line":51,"column":21},"end":{"line":51,"column":50}},"17":{"start":{"line":52,"column":19},"end":{"line":52,"column":44}},"18":{"start":{"line":54,"column":4},"end":{"line":54,"column":78}},"19":{"start":{"line":58,"column":4},"end":{"line":58,"column":72}},"20":{"start":{"line":61,"column":2},"end":{"line":67,"column":4}}},"fnMap":{"0":{"name":"(anonymous_0)","decl":{"start":{"line":12,"column":22},"end":{"line":12,"column":23}},"loc":{"start":{"line":12,"column":80},"end":{"line":68,"column":1}},"line":12},"1":{"name":"(anonymous_1)","decl":{"start":{"line":13,"column":23},"end":{"line":13,"column":24}},"loc":{"start":{"line":13,"column":29},"end":{"line":55,"column":3}},"line":13},"2":{"name":"displaySeenStatus","decl":{"start":{"line":57,"column":11},"end":{"line":57,"column":28}},"loc":{"start":{"line":57,"column":31},"end":{"line":59,"column":3}},"line":57}},"branchMap":{"0":{"loc":{"start":{"line":14,"column":4},"end":{"line":14,"column":51}},"type":"if","locations":[{"start":{"line":14,"column":4},"end":{"line":14,"column":51}},{"start":{"line":14,"column":4},"end":{"line":14,"column":51}}],"line":14},"1":{"loc":{"start":{"line":14,"column":18},"end":{"line":14,"column":51}},"type":"if","locations":[{"start":{"line":14,"column":18},"end":{"line":14,"column":51}},{"start":{"line":14,"column":18},"end":{"line":14,"column":51}}],"line":14},"2":{"loc":{"start":{"line":47,"column":24},"end":{"line":47,"column":56}},"type":"cond-expr","locations":[{"start":{"line":47,"column":37},"end":{"line":47,"column":48}},{"start":{"line":47,"column":51},"end":{"line":47,"column":56}}],"line":47},"3":{"loc":{"start":{"line":49,"column":26},"end":{"line":49,"column":64}},"type":"cond-expr","locations":[{"start":{"line":49,"column":41},"end":{"line":49,"column":54}},{"start":{"line":49,"column":57},"end":{"line":49,"column":64}}],"line":49},"4":{"loc":{"start":{"line":58,"column":11},"end":{"line":58,"column":71}},"type":"cond-expr","locations":[{"start":{"line":58,"column":18},"end":{"line":58,"column":42}},{"start":{"line":58,"column":45},"end":{"line":58,"column":71}}],"line":58},"5":{"loc":{"start":{"line":63,"column":7},"end":{"line":63,"column":40}},"type":"binary-expr","locations":[{"start":{"line":63,"column":7},"end":{"line":63,"column":17}},{"start":{"line":63,"column":21},"end":{"line":63,"column":40}}],"line":63},"6":{"loc":{"start":{"line":65,"column":7},"end":{"line":65,"column":40}},"type":"binary-expr","locations":[{"start":{"line":65,"column":7},"end":{"line":65,"column":17}},{"start":{"line":65,"column":21},"end":{"line":65,"column":40}}],"line":65}},"s":{"0":0,"1":0,"2":0,"3":0,"4":0,"5":0,"6":0,"7":0,"8":0,"9":0,"10":0,"11":0,"12":0,"13":0,"14":0,"15":0,"16":0,"17":0,"18":0,"19":0,"20":0},"f":{"0":0,"1":0,"2":0},"b":{"0":[0,0],"1":[0,0],"2":[0,0],"3":[0,0],"4":[0,0],"5":[0,0],"6":[0,0]},"hash":"31c96e3b76958496355453e3c8b15c2466795736"}
,"/Users/karel-kryspinkratochvil/WebstormProjects/cipher-chat/client/src/components/chatbox/chatbubble/chatbubble.jsx": {"path":"/Users/karel-kryspinkratochvil/WebstormProjects/cipher-chat/client/src/components/chatbox/chatbubble/chatbubble.jsx","statementMap":{"0":{"start":{"line":8,"column":16},"end":{"line":8,"column":24}},"1":{"start":{"line":10,"column":24},"end":{"line":18,"column":1}},"2":{"start":{"line":12,"column":4},"end":{"line":16,"column":3}},"3":{"start":{"line":20,"column":18},"end":{"line":30,"column":1}},"4":{"start":{"line":25,"column":4},"end":{"line":29,"column":3}},"5":{"start":{"line":32,"column":19},"end":{"line":40,"column":1}},"6":{"start":{"line":42,"column":19},"end":{"line":119,"column":1}},"7":{"start":{"line":51,"column":44},"end":{"line":51,"column":59}},"8":{"start":{"line":53,"column":48},"end":{"line":53,"column":54}},"9":{"start":{"line":55,"column":2},"end":{"line":59,"column":5}},"10":{"start":{"line":56,"column":4},"end":{"line":59,"column":5}},"11":{"start":{"line":57,"column":6},"end":{"line":57,"column":71}},"12":{"start":{"line":58,"column":6},"end":{"line":58,"column":57}},"13":{"start":{"line":58,"column":38},"end":{"line":58,"column":57}},"14":{"start":{"line":61,"column":22},"end":{"line":61,"column":63}},"15":{"start":{"line":64,"column":4},"end":{"line":64,"column":31}},"16":{"start":{"line":64,"column":18},"end":{"line":64,"column":31}},"17":{"start":{"line":66,"column":57},"end":{"line":66,"column":64}},"18":{"start":{"line":67,"column":26},"end":{"line":71,"column":16}},"19":{"start":{"line":72,"column":4},"end":{"line":72,"column":34}},"20":{"start":{"line":76,"column":4},"end":{"line":76,"column":26}},"21":{"start":{"line":76,"column":19},"end":{"line":76,"column":26}},"22":{"start":{"line":78,"column":4},"end":{"line":78,"column":23}},"23":{"start":{"line":82,"column":4},"end":{"line":85,"column":44}},"24":{"start":{"line":83,"column":6},"end":{"line":84,"column":28}},"25":{"start":{"line":83,"column":21},"end":{"line":83,"column":54}},"26":{"start":{"line":84,"column":11},"end":{"line":84,"column":28}},"27":{"start":{"line":85,"column":11},"end":{"line":85,"column":44}},"28":{"start":{"line":89,"column":27},"end":{"line":89,"column":64}},"29":{"start":{"line":91,"column":4},"end":{"line":91,"column":38}},"30":{"start":{"line":94,"column":2},"end":{"line":118,"column":4}},"31":{"start":{"line":102,"column":30},"end":{"line":102,"column":77}},"32":{"start":{"line":102,"column":47},"end":{"line":102,"column":70}}},"fnMap":{"0":{"name":"(anonymous_0)","decl":{"start":{"line":11,"column":4},"end":{"line":11,"column":5}},"loc":{"start":{"line":12,"column":4},"end":{"line":16,"column":3}},"line":12},"1":{"name":"(anonymous_1)","decl":{"start":{"line":24,"column":4},"end":{"line":24,"column":5}},"loc":{"start":{"line":25,"column":4},"end":{"line":29,"column":3}},"line":25},"2":{"name":"(anonymous_2)","decl":{"start":{"line":42,"column":19},"end":{"line":42,"column":20}},"loc":{"start":{"line":50,"column":6},"end":{"line":119,"column":1}},"line":50},"3":{"name":"prevSentByUser","decl":{"start":{"line":63,"column":11},"end":{"line":63,"column":25}},"loc":{"start":{"line":63,"column":28},"end":{"line":73,"column":3}},"line":63},"4":{"name":"decryptMessage","decl":{"start":{"line":75,"column":11},"end":{"line":75,"column":25}},"loc":{"start":{"line":75,"column":28},"end":{"line":79,"column":3}},"line":75},"5":{"name":"handleMsgBubbleClick","decl":{"start":{"line":81,"column":11},"end":{"line":81,"column":31}},"loc":{"start":{"line":81,"column":34},"end":{"line":86,"column":3}},"line":81},"6":{"name":"handleSenderClick","decl":{"start":{"line":88,"column":17},"end":{"line":88,"column":34}},"loc":{"start":{"line":88,"column":37},"end":{"line":92,"column":3}},"line":88},"7":{"name":"(anonymous_7)","decl":{"start":{"line":102,"column":24},"end":{"line":102,"column":25}},"loc":{"start":{"line":102,"column":30},"end":{"line":102,"column":77}},"line":102},"8":{"name":"(anonymous_8)","decl":{"start":{"line":102,"column":41},"end":{"line":102,"column":42}},"loc":{"start":{"line":102,"column":47},"end":{"line":102,"column":70}},"line":102}},"branchMap":{"0":{"loc":{"start":{"line":12,"column":4},"end":{"line":16,"column":3}},"type":"binary-expr","locations":[{"start":{"line":12,"column":4},"end":{"line":12,"column":20}},{"start":{"line":13,"column":4},"end":{"line":16,"column":3}}],"line":12},"1":{"loc":{"start":{"line":25,"column":4},"end":{"line":29,"column":3}},"type":"binary-expr","locations":[{"start":{"line":25,"column":4},"end":{"line":25,"column":20}},{"start":{"line":26,"column":4},"end":{"line":29,"column":3}}],"line":25},"2":{"loc":{"start":{"line":55,"column":2},"end":{"line":59,"column":5}},"type":"if","locations":[{"start":{"line":55,"column":2},"end":{"line":59,"column":5}},{"start":{"line":55,"column":2},"end":{"line":59,"column":5}}],"line":55},"3":{"loc":{"start":{"line":56,"column":4},"end":{"line":59,"column":5}},"type":"if","locations":[{"start":{"line":56,"column":4},"end":{"line":59,"column":5}},{"start":{"line":56,"column":4},"end":{"line":59,"column":5}}],"line":56},"4":{"loc":{"start":{"line":58,"column":6},"end":{"line":58,"column":57}},"type":"if","locations":[{"start":{"line":58,"column":6},"end":{"line":58,"column":57}},{"start":{"line":58,"column":6},"end":{"line":58,"column":57}}],"line":58},"5":{"loc":{"start":{"line":61,"column":22},"end":{"line":61,"column":63}},"type":"cond-expr","locations":[{"start":{"line":61,"column":51},"end":{"line":61,"column":56}},{"start":{"line":61,"column":59},"end":{"line":61,"column":63}}],"line":61},"6":{"loc":{"start":{"line":64,"column":4},"end":{"line":64,"column":31}},"type":"if","locations":[{"start":{"line":64,"column":4},"end":{"line":64,"column":31}},{"start":{"line":64,"column":4},"end":{"line":64,"column":31}}],"line":64},"7":{"loc":{"start":{"line":67,"column":26},"end":{"line":71,"column":16}},"type":"cond-expr","locations":[{"start":{"line":68,"column":8},"end":{"line":70,"column":71}},{"start":{"line":71,"column":8},"end":{"line":71,"column":16}}],"line":67},"8":{"loc":{"start":{"line":68,"column":8},"end":{"line":70,"column":71}},"type":"cond-expr","locations":[{"start":{"line":69,"column":10},"end":{"line":69,"column":18}},{"start":{"line":70,"column":10},"end":{"line":70,"column":71}}],"line":68},"9":{"loc":{"start":{"line":76,"column":4},"end":{"line":76,"column":26}},"type":"if","locations":[{"start":{"line":76,"column":4},"end":{"line":76,"column":26}},{"start":{"line":76,"column":4},"end":{"line":76,"column":26}}],"line":76},"10":{"loc":{"start":{"line":82,"column":4},"end":{"line":85,"column":44}},"type":"if","locations":[{"start":{"line":82,"column":4},"end":{"line":85,"column":44}},{"start":{"line":82,"column":4},"end":{"line":85,"column":44}}],"line":82},"11":{"loc":{"start":{"line":83,"column":6},"end":{"line":84,"column":28}},"type":"if","locations":[{"start":{"line":83,"column":6},"end":{"line":84,"column":28}},{"start":{"line":83,"column":6},"end":{"line":84,"column":28}}],"line":83},"12":{"loc":{"start":{"line":98,"column":11},"end":{"line":98,"column":42}},"type":"binary-expr","locations":[{"start":{"line":98,"column":11},"end":{"line":98,"column":27}},{"start":{"line":98,"column":31},"end":{"line":98,"column":42}}],"line":98},"13":{"loc":{"start":{"line":107,"column":9},"end":{"line":115,"column":9}},"type":"binary-expr","locations":[{"start":{"line":107,"column":9},"end":{"line":107,"column":22}},{"start":{"line":108,"column":10},"end":{"line":114,"column":12}}],"line":107}},"s":{"0":0,"1":0,"2":0,"3":0,"4":0,"5":0,"6":0,"7":0,"8":0,"9":0,"10":0,"11":0,"12":0,"13":0,"14":0,"15":0,"16":0,"17":0,"18":0,"19":0,"20":0,"21":0,"22":0,"23":0,"24":0,"25":0,"26":0,"27":0,"28":0,"29":0,"30":0,"31":0,"32":0},"f":{"0":0,"1":0,"2":0,"3":0,"4":0,"5":0,"6":0,"7":0,"8":0},"b":{"0":[0,0],"1":[0,0],"2":[0,0],"3":[0,0],"4":[0,0],"5":[0,0],"6":[0,0],"7":[0,0],"8":[0,0],"9":[0,0],"10":[0,0],"11":[0,0],"12":[0,0],"13":[0,0]},"hash":"85ba229e043553d659f07a846bccf1df0510e703"}
,"/Users/karel-kryspinkratochvil/WebstormProjects/cipher-chat/client/src/components/forms/button.jsx": {"path":"/Users/karel-kryspinkratochvil/WebstormProjects/cipher-chat/client/src/components/forms/button.jsx","statementMap":{"0":{"start":{"line":4,"column":12},"end":{"line":20,"column":1}},"1":{"start":{"line":22,"column":15},"end":{"line":28,"column":1}},"2":{"start":{"line":23,"column":2},"end":{"line":27,"column":4}}},"fnMap":{"0":{"name":"(anonymous_0)","decl":{"start":{"line":22,"column":15},"end":{"line":22,"column":16}},"loc":{"start":{"line":22,"column":42},"end":{"line":28,"column":1}},"line":22}},"branchMap":{},"s":{"0":0,"1":0,"2":0},"f":{"0":0},"b":{},"hash":"cd5bb798a5580936455e6ca49741c9e8df616406"}
,"/Users/karel-kryspinkratochvil/WebstormProjects/cipher-chat/client/src/components/forms/inputForm.jsx": {"path":"/Users/karel-kryspinkratochvil/WebstormProjects/cipher-chat/client/src/components/forms/inputForm.jsx","statementMap":{"0":{"start":{"line":5,"column":18},"end":{"line":7,"column":1}},"1":{"start":{"line":9,"column":14},"end":{"line":13,"column":1}},"2":{"start":{"line":15,"column":18},"end":{"line":24,"column":1}},"3":{"start":{"line":16,"column":15},"end":{"line":16,"column":60}},"4":{"start":{"line":18,"column":2},"end":{"line":23,"column":4}}},"fnMap":{"0":{"name":"(anonymous_0)","decl":{"start":{"line":15,"column":18},"end":{"line":15,"column":19}},"loc":{"start":{"line":15,"column":56},"end":{"line":24,"column":1}},"line":15}},"branchMap":{},"s":{"0":0,"1":0,"2":0,"3":0,"4":0},"f":{"0":0},"b":{},"hash":"dcb14ae99f1867271265851577f649d1006a42aa"}
,"/Users/karel-kryspinkratochvil/WebstormProjects/cipher-chat/client/src/components/forms/title.jsx": {"path":"/Users/karel-kryspinkratochvil/WebstormProjects/cipher-chat/client/src/components/forms/title.jsx","statementMap":{"0":{"start":{"line":5,"column":17},"end":{"line":14,"column":1}},"1":{"start":{"line":16,"column":14},"end":{"line":24,"column":1}},"2":{"start":{"line":17,"column":2},"end":{"line":23,"column":4}}},"fnMap":{"0":{"name":"(anonymous_0)","decl":{"start":{"line":16,"column":14},"end":{"line":16,"column":15}},"loc":{"start":{"line":16,"column":35},"end":{"line":24,"column":1}},"line":16}},"branchMap":{"0":{"loc":{"start":{"line":20,"column":11},"end":{"line":20,"column":23}},"type":"binary-expr","locations":[{"start":{"line":20,"column":11},"end":{"line":20,"column":16}},{"start":{"line":20,"column":20},"end":{"line":20,"column":23}}],"line":20},"1":{"loc":{"start":{"line":21,"column":10},"end":{"line":21,"column":23}},"type":"binary-expr","locations":[{"start":{"line":21,"column":10},"end":{"line":21,"column":14}},{"start":{"line":21,"column":18},"end":{"line":21,"column":23}}],"line":21}},"s":{"0":0,"1":0,"2":0},"f":{"0":0},"b":{"0":[0,0],"1":[0,0]},"hash":"6550c8e5ee5a14c204770608104ff330e0db4e13"}
,"/Users/karel-kryspinkratochvil/WebstormProjects/cipher-chat/client/src/components/forms/useForm.jsx": {"path":"/Users/karel-kryspinkratochvil/WebstormProjects/cipher-chat/client/src/components/forms/useForm.jsx","statementMap":{"0":{"start":{"line":3,"column":16},"end":{"line":34,"column":1}},"1":{"start":{"line":4,"column":30},"end":{"line":4,"column":42}},"2":{"start":{"line":5,"column":30},"end":{"line":5,"column":42}},"3":{"start":{"line":6,"column":42},"end":{"line":6,"column":57}},"4":{"start":{"line":8,"column":2},"end":{"line":12,"column":15}},"5":{"start":{"line":9,"column":4},"end":{"line":11,"column":5}},"6":{"start":{"line":10,"column":6},"end":{"line":10,"column":17}},"7":{"start":{"line":14,"column":23},"end":{"line":18,"column":3}},"8":{"start":{"line":15,"column":4},"end":{"line":15,"column":38}},"9":{"start":{"line":15,"column":15},"end":{"line":15,"column":38}},"10":{"start":{"line":16,"column":4},"end":{"line":16,"column":32}},"11":{"start":{"line":17,"column":4},"end":{"line":17,"column":26}},"12":{"start":{"line":20,"column":23},"end":{"line":26,"column":3}},"13":{"start":{"line":21,"column":4},"end":{"line":21,"column":20}},"14":{"start":{"line":22,"column":4},"end":{"line":25,"column":8}},"15":{"start":{"line":22,"column":25},"end":{"line":25,"column":5}},"16":{"start":{"line":28,"column":2},"end":{"line":33,"column":4}}},"fnMap":{"0":{"name":"(anonymous_0)","decl":{"start":{"line":3,"column":16},"end":{"line":3,"column":17}},"loc":{"start":{"line":3,"column":40},"end":{"line":34,"column":1}},"line":3},"1":{"name":"(anonymous_1)","decl":{"start":{"line":8,"column":12},"end":{"line":8,"column":13}},"loc":{"start":{"line":8,"column":18},"end":{"line":12,"column":3}},"line":8},"2":{"name":"(anonymous_2)","decl":{"start":{"line":14,"column":23},"end":{"line":14,"column":24}},"loc":{"start":{"line":14,"column":32},"end":{"line":18,"column":3}},"line":14},"3":{"name":"(anonymous_3)","decl":{"start":{"line":20,"column":23},"end":{"line":20,"column":24}},"loc":{"start":{"line":20,"column":32},"end":{"line":26,"column":3}},"line":20},"4":{"name":"(anonymous_4)","decl":{"start":{"line":22,"column":14},"end":{"line":22,"column":15}},"loc":{"start":{"line":22,"column":25},"end":{"line":25,"column":5}},"line":22}},"branchMap":{"0":{"loc":{"start":{"line":9,"column":4},"end":{"line":11,"column":5}},"type":"if","locations":[{"start":{"line":9,"column":4},"end":{"line":11,"column":5}},{"start":{"line":9,"column":4},"end":{"line":11,"column":5}}],"line":9},"1":{"loc":{"start":{"line":9,"column":8},"end":{"line":9,"column":56}},"type":"binary-expr","locations":[{"start":{"line":9,"column":8},"end":{"line":9,"column":40}},{"start":{"line":9,"column":44},"end":{"line":9,"column":56}}],"line":9},"2":{"loc":{"start":{"line":15,"column":4},"end":{"line":15,"column":38}},"type":"if","locations":[{"start":{"line":15,"column":4},"end":{"line":15,"column":38}},{"start":{"line":15,"column":4},"end":{"line":15,"column":38}}],"line":15}},"s":{"0":0,"1":0,"2":0,"3":0,"4":0,"5":0,"6":0,"7":0,"8":0,"9":0,"10":0,"11":0,"12":0,"13":0,"14":0,"15":0,"16":0},"f":{"0":0,"1":0,"2":0,"3":0,"4":0},"b":{"0":[0,0],"1":[0,0],"2":[0,0]},"hash":"12731f4c6a40dfe92a2956b17dac620f4f147e6c"}
,"/Users/karel-kryspinkratochvil/WebstormProjects/cipher-chat/client/src/components/forms/userForm.jsx": {"path":"/Users/karel-kryspinkratochvil/WebstormProjects/cipher-chat/client/src/components/forms/userForm.jsx","statementMap":{"0":{"start":{"line":6,"column":17},"end":{"line":59,"column":1}},"1":{"start":{"line":7,"column":36},"end":{"line":7,"column":51}},"2":{"start":{"line":9,"column":57},"end":{"line":12,"column":3}},"3":{"start":{"line":14,"column":33},"end":{"line":14,"column":39}},"4":{"start":{"line":17,"column":4},"end":{"line":17,"column":23}},"5":{"start":{"line":19,"column":29},"end":{"line":19,"column":54}},"6":{"start":{"line":19,"column":35},"end":{"line":19,"column":54}},"7":{"start":{"line":21,"column":4},"end":{"line":21,"column":51}},"8":{"start":{"line":26,"column":6},"end":{"line":26,"column":77}},"9":{"start":{"line":28,"column":4},"end":{"line":28,"column":36}},"10":{"start":{"line":31,"column":2},"end":{"line":58,"column":4}}},"fnMap":{"0":{"name":"(anonymous_0)","decl":{"start":{"line":6,"column":17},"end":{"line":6,"column":18}},"loc":{"start":{"line":6,"column":52},"end":{"line":59,"column":1}},"line":6},"1":{"name":"doSubmit","decl":{"start":{"line":16,"column":11},"end":{"line":16,"column":19}},"loc":{"start":{"line":16,"column":22},"end":{"line":22,"column":3}},"line":16},"2":{"name":"(anonymous_2)","decl":{"start":{"line":19,"column":29},"end":{"line":19,"column":30}},"loc":{"start":{"line":19,"column":35},"end":{"line":19,"column":54}},"line":19},"3":{"name":"checkCurrentUser","decl":{"start":{"line":24,"column":11},"end":{"line":24,"column":27}},"loc":{"start":{"line":24,"column":30},"end":{"line":29,"column":3}},"line":24}},"branchMap":{"0":{"loc":{"start":{"line":26,"column":6},"end":{"line":26,"column":77}},"type":"binary-expr","locations":[{"start":{"line":26,"column":6},"end":{"line":26,"column":40}},{"start":{"line":26,"column":44},"end":{"line":26,"column":77}}],"line":26},"1":{"loc":{"start":{"line":33,"column":7},"end":{"line":33,"column":60}},"type":"cond-expr","locations":[{"start":{"line":33,"column":29},"end":{"line":33,"column":54}},{"start":{"line":33,"column":58},"end":{"line":33,"column":60}}],"line":33},"2":{"loc":{"start":{"line":39,"column":15},"end":{"line":39,"column":29}},"type":"binary-expr","locations":[{"start":{"line":39,"column":15},"end":{"line":39,"column":23}},{"start":{"line":39,"column":27},"end":{"line":39,"column":29}}],"line":39},"3":{"loc":{"start":{"line":49,"column":15},"end":{"line":49,"column":29}},"type":"binary-expr","locations":[{"start":{"line":49,"column":15},"end":{"line":49,"column":23}},{"start":{"line":49,"column":27},"end":{"line":49,"column":29}}],"line":49},"4":{"loc":{"start":{"line":55,"column":12},"end":{"line":55,"column":37}},"type":"cond-expr","locations":[{"start":{"line":55,"column":24},"end":{"line":55,"column":29}},{"start":{"line":55,"column":32},"end":{"line":55,"column":37}}],"line":55}},"s":{"0":0,"1":0,"2":0,"3":0,"4":0,"5":0,"6":0,"7":0,"8":0,"9":0,"10":0},"f":{"0":0,"1":0,"2":0,"3":0},"b":{"0":[0,0],"1":[0,0],"2":[0,0],"3":[0,0],"4":[0,0]},"hash":"8a4c524ddf7199e5c0ee04d6691af2570fec1d1f"}
,"/Users/karel-kryspinkratochvil/WebstormProjects/cipher-chat/client/src/components/forms/login/loginForm.jsx": {"path":"/Users/karel-kryspinkratochvil/WebstormProjects/cipher-chat/client/src/components/forms/login/loginForm.jsx","statementMap":{"0":{"start":{"line":10,"column":18},"end":{"line":67,"column":1}},"1":{"start":{"line":12,"column":4},"end":{"line":46,"column":5}},"2":{"start":{"line":13,"column":25},"end":{"line":13,"column":54}},"3":{"start":{"line":14,"column":6},"end":{"line":17,"column":7}},"4":{"start":{"line":15,"column":8},"end":{"line":15,"column":19}},"5":{"start":{"line":16,"column":8},"end":{"line":16,"column":58}},"6":{"start":{"line":19,"column":19},"end":{"line":21,"column":24}},"7":{"start":{"line":23,"column":34},"end":{"line":23,"column":68}},"8":{"start":{"line":24,"column":65},"end":{"line":24,"column":69}},"9":{"start":{"line":25,"column":25},"end":{"line":27,"column":24}},"10":{"start":{"line":29,"column":28},"end":{"line":32,"column":35}},"11":{"start":{"line":34,"column":6},"end":{"line":34,"column":51}},"12":{"start":{"line":35,"column":6},"end":{"line":35,"column":49}},"13":{"start":{"line":36,"column":6},"end":{"line":36,"column":45}},"14":{"start":{"line":39,"column":6},"end":{"line":39,"column":38}},"15":{"start":{"line":41,"column":6},"end":{"line":41,"column":28}},"16":{"start":{"line":43,"column":6},"end":{"line":43,"column":17}},"17":{"start":{"line":44,"column":6},"end":{"line":44,"column":56}},"18":{"start":{"line":45,"column":6},"end":{"line":45,"column":27}},"19":{"start":{"line":49,"column":2},"end":{"line":66,"column":4}}},"fnMap":{"0":{"name":"(anonymous_0)","decl":{"start":{"line":10,"column":18},"end":{"line":10,"column":19}},"loc":{"start":{"line":10,"column":35},"end":{"line":67,"column":1}},"line":10},"1":{"name":"handleSubmit","decl":{"start":{"line":11,"column":17},"end":{"line":11,"column":29}},"loc":{"start":{"line":11,"column":60},"end":{"line":47,"column":3}},"line":11}},"branchMap":{"0":{"loc":{"start":{"line":14,"column":6},"end":{"line":17,"column":7}},"type":"if","locations":[{"start":{"line":14,"column":6},"end":{"line":17,"column":7}},{"start":{"line":14,"column":6},"end":{"line":17,"column":7}}],"line":14}},"s":{"0":0,"1":0,"2":0,"3":0,"4":0,"5":0,"6":0,"7":0,"8":0,"9":0,"10":0,"11":0,"12":0,"13":0,"14":0,"15":0,"16":0,"17":0,"18":0,"19":0},"f":{"0":0,"1":0},"b":{"0":[0,0]},"hash":"ca8e95fa2397b3d526dc32a8d8c9dc5a412c1a87"}
,"/Users/karel-kryspinkratochvil/WebstormProjects/cipher-chat/client/src/components/forms/login/validateLoginForm.js": {"path":"/Users/karel-kryspinkratochvil/WebstormProjects/cipher-chat/client/src/components/forms/login/validateLoginForm.js","statementMap":{"0":{"start":{"line":2,"column":15},"end":{"line":2,"column":17}},"1":{"start":{"line":4,"column":2},"end":{"line":4,"column":67}},"2":{"start":{"line":4,"column":24},"end":{"line":4,"column":67}},"3":{"start":{"line":6,"column":2},"end":{"line":6,"column":67}},"4":{"start":{"line":6,"column":24},"end":{"line":6,"column":67}},"5":{"start":{"line":8,"column":2},"end":{"line":8,"column":16}}},"fnMap":{"0":{"name":"validate","decl":{"start":{"line":1,"column":24},"end":{"line":1,"column":32}},"loc":{"start":{"line":1,"column":41},"end":{"line":9,"column":1}},"line":1}},"branchMap":{"0":{"loc":{"start":{"line":4,"column":2},"end":{"line":4,"column":67}},"type":"if","locations":[{"start":{"line":4,"column":2},"end":{"line":4,"column":67}},{"start":{"line":4,"column":2},"end":{"line":4,"column":67}}],"line":4},"1":{"loc":{"start":{"line":6,"column":2},"end":{"line":6,"column":67}},"type":"if","locations":[{"start":{"line":6,"column":2},"end":{"line":6,"column":67}},{"start":{"line":6,"column":2},"end":{"line":6,"column":67}}],"line":6}},"s":{"0":0,"1":0,"2":0,"3":0,"4":0,"5":0},"f":{"0":0},"b":{"0":[0,0],"1":[0,0]},"hash":"87f24725212b14031f8fe4a1f0a4913da590f7d3"}
,"/Users/karel-kryspinkratochvil/WebstormProjects/cipher-chat/client/src/components/forms/register/registerForm.jsx": {"path":"/Users/karel-kryspinkratochvil/WebstormProjects/cipher-chat/client/src/components/forms/register/registerForm.jsx","statementMap":{"0":{"start":{"line":15,"column":21},"end":{"line":80,"column":1}},"1":{"start":{"line":17,"column":4},"end":{"line":59,"column":5}},"2":{"start":{"line":18,"column":25},"end":{"line":18,"column":54}},"3":{"start":{"line":19,"column":6},"end":{"line":22,"column":7}},"4":{"start":{"line":20,"column":8},"end":{"line":20,"column":19}},"5":{"start":{"line":21,"column":8},"end":{"line":21,"column":62}},"6":{"start":{"line":23,"column":19},"end":{"line":25,"column":24}},"7":{"start":{"line":27,"column":29},"end":{"line":27,"column":63}},"8":{"start":{"line":29,"column":41},"end":{"line":29,"column":45}},"9":{"start":{"line":31,"column":19},"end":{"line":31,"column":49}},"10":{"start":{"line":32,"column":25},"end":{"line":34,"column":24}},"11":{"start":{"line":36,"column":24},"end":{"line":36,"column":59}},"12":{"start":{"line":37,"column":22},"end":{"line":37,"column":59}},"13":{"start":{"line":38,"column":25},"end":{"line":38,"column":45}},"14":{"start":{"line":39,"column":31},"end":{"line":42,"column":18}},"15":{"start":{"line":44,"column":30},"end":{"line":49,"column":8}},"16":{"start":{"line":51,"column":6},"end":{"line":51,"column":25}},"17":{"start":{"line":53,"column":6},"end":{"line":53,"column":41}},"18":{"start":{"line":54,"column":6},"end":{"line":54,"column":29}},"19":{"start":{"line":56,"column":6},"end":{"line":56,"column":23}},"20":{"start":{"line":57,"column":6},"end":{"line":57,"column":17}},"21":{"start":{"line":58,"column":6},"end":{"line":58,"column":36}},"22":{"start":{"line":62,"column":2},"end":{"line":79,"column":4}}},"fnMap":{"0":{"name":"(anonymous_0)","decl":{"start":{"line":15,"column":21},"end":{"line":15,"column":22}},"loc":{"start":{"line":15,"column":38},"end":{"line":80,"column":1}},"line":15},"1":{"name":"handleSubmit","decl":{"start":{"line":16,"column":17},"end":{"line":16,"column":29}},"loc":{"start":{"line":16,"column":60},"end":{"line":60,"column":3}},"line":16}},"branchMap":{"0":{"loc":{"start":{"line":19,"column":6},"end":{"line":22,"column":7}},"type":"if","locations":[{"start":{"line":19,"column":6},"end":{"line":22,"column":7}},{"start":{"line":19,"column":6},"end":{"line":22,"column":7}}],"line":19}},"s":{"0":0,"1":0,"2":0,"3":0,"4":0,"5":0,"6":0,"7":0,"8":0,"9":0,"10":0,"11":0,"12":0,"13":0,"14":0,"15":0,"16":0,"17":0,"18":0,"19":0,"20":0,"21":0,"22":0},"f":{"0":0,"1":0},"b":{"0":[0,0]},"hash":"810f81f7ca38df49c1430db846304877d817a268"}
,"/Users/karel-kryspinkratochvil/WebstormProjects/cipher-chat/client/src/components/forms/register/validateRegisterForm.js": {"path":"/Users/karel-kryspinkratochvil/WebstormProjects/cipher-chat/client/src/components/forms/register/validateRegisterForm.js","statementMap":{"0":{"start":{"line":2,"column":15},"end":{"line":2,"column":17}},"1":{"start":{"line":4,"column":2},"end":{"line":6,"column":74}},"2":{"start":{"line":4,"column":24},"end":{"line":4,"column":67}},"3":{"start":{"line":5,"column":7},"end":{"line":6,"column":74}},"4":{"start":{"line":6,"column":4},"end":{"line":6,"column":74}},"5":{"start":{"line":8,"column":2},"end":{"line":15,"column":135}},"6":{"start":{"line":8,"column":24},"end":{"line":8,"column":67}},"7":{"start":{"line":9,"column":7},"end":{"line":15,"column":135}},"8":{"start":{"line":14,"column":4},"end":{"line":15,"column":135}},"9":{"start":{"line":18,"column":2},"end":{"line":18,"column":22}},"10":{"start":{"line":19,"column":2},"end":{"line":19,"column":16}}},"fnMap":{"0":{"name":"validate","decl":{"start":{"line":1,"column":24},"end":{"line":1,"column":32}},"loc":{"start":{"line":1,"column":41},"end":{"line":20,"column":1}},"line":1}},"branchMap":{"0":{"loc":{"start":{"line":4,"column":2},"end":{"line":6,"column":74}},"type":"if","locations":[{"start":{"line":4,"column":2},"end":{"line":6,"column":74}},{"start":{"line":4,"column":2},"end":{"line":6,"column":74}}],"line":4},"1":{"loc":{"start":{"line":5,"column":7},"end":{"line":6,"column":74}},"type":"if","locations":[{"start":{"line":5,"column":7},"end":{"line":6,"column":74}},{"start":{"line":5,"column":7},"end":{"line":6,"column":74}}],"line":5},"2":{"loc":{"start":{"line":8,"column":2},"end":{"line":15,"column":135}},"type":"if","locations":[{"start":{"line":8,"column":2},"end":{"line":15,"column":135}},{"start":{"line":8,"column":2},"end":{"line":15,"column":135}}],"line":8},"3":{"loc":{"start":{"line":9,"column":7},"end":{"line":15,"column":135}},"type":"if","locations":[{"start":{"line":9,"column":7},"end":{"line":15,"column":135}},{"start":{"line":9,"column":7},"end":{"line":15,"column":135}}],"line":9}},"s":{"0":0,"1":0,"2":0,"3":0,"4":0,"5":0,"6":0,"7":0,"8":0,"9":0,"10":0},"f":{"0":0},"b":{"0":[0,0],"1":[0,0],"2":[0,0],"3":[0,0]},"hash":"da9d14ae00c56dba755d719af8dd659150c2e19a"}
,"/Users/karel-kryspinkratochvil/WebstormProjects/cipher-chat/client/src/components/inbox/inbox.jsx": {"path":"/Users/karel-kryspinkratochvil/WebstormProjects/cipher-chat/client/src/components/inbox/inbox.jsx","statementMap":{"0":{"start":{"line":10,"column":23},"end":{"line":12,"column":1}},"1":{"start":{"line":14,"column":14},"end":{"line":75,"column":1}},"2":{"start":{"line":15,"column":34},"end":{"line":15,"column":46}},"3":{"start":{"line":17,"column":17},"end":{"line":17,"column":43}},"4":{"start":{"line":18,"column":2},"end":{"line":37,"column":9}},"5":{"start":{"line":20,"column":6},"end":{"line":29,"column":7}},"6":{"start":{"line":21,"column":24},"end":{"line":21,"column":70}},"7":{"start":{"line":22,"column":30},"end":{"line":24,"column":10}},"8":{"start":{"line":25,"column":8},"end":{"line":25,"column":25}},"9":{"start":{"line":27,"column":8},"end":{"line":28,"column":25}},"10":{"start":{"line":27,"column":35},"end":{"line":27,"column":64}},"11":{"start":{"line":28,"column":13},"end":{"line":28,"column":25}},"12":{"start":{"line":32,"column":4},"end":{"line":32,"column":18}},"13":{"start":{"line":34,"column":4},"end":{"line":36,"column":6}},"14":{"start":{"line":35,"column":6},"end":{"line":35,"column":22}},"15":{"start":{"line":40,"column":4},"end":{"line":57,"column":7}},"16":{"start":{"line":41,"column":42},"end":{"line":41,"column":46}},"17":{"start":{"line":42,"column":38},"end":{"line":42,"column":46}},"18":{"start":{"line":44,"column":6},"end":{"line":56,"column":8}},"19":{"start":{"line":52,"column":29},"end":{"line":52,"column":70}},"20":{"start":{"line":61,"column":4},"end":{"line":61,"column":54}},"21":{"start":{"line":62,"column":4},"end":{"line":62,"column":47}},"22":{"start":{"line":63,"column":4},"end":{"line":63,"column":40}},"23":{"start":{"line":66,"column":2},"end":{"line":74,"column":4}}},"fnMap":{"0":{"name":"(anonymous_0)","decl":{"start":{"line":14,"column":14},"end":{"line":14,"column":15}},"loc":{"start":{"line":14,"column":31},"end":{"line":75,"column":1}},"line":14},"1":{"name":"(anonymous_1)","decl":{"start":{"line":18,"column":12},"end":{"line":18,"column":13}},"loc":{"start":{"line":18,"column":18},"end":{"line":37,"column":3}},"line":18},"2":{"name":"getChannels","decl":{"start":{"line":19,"column":19},"end":{"line":19,"column":30}},"loc":{"start":{"line":19,"column":33},"end":{"line":30,"column":5}},"line":19},"3":{"name":"(anonymous_3)","decl":{"start":{"line":34,"column":11},"end":{"line":34,"column":12}},"loc":{"start":{"line":34,"column":17},"end":{"line":36,"column":5}},"line":34},"4":{"name":"populateInbox","decl":{"start":{"line":39,"column":11},"end":{"line":39,"column":24}},"loc":{"start":{"line":39,"column":27},"end":{"line":58,"column":3}},"line":39},"5":{"name":"(anonymous_5)","decl":{"start":{"line":40,"column":24},"end":{"line":40,"column":25}},"loc":{"start":{"line":40,"column":32},"end":{"line":57,"column":5}},"line":40},"6":{"name":"(anonymous_6)","decl":{"start":{"line":52,"column":23},"end":{"line":52,"column":24}},"loc":{"start":{"line":52,"column":29},"end":{"line":52,"column":70}},"line":52},"7":{"name":"openChannel","decl":{"start":{"line":60,"column":11},"end":{"line":60,"column":22}},"loc":{"start":{"line":60,"column":55},"end":{"line":64,"column":3}},"line":60}},"branchMap":{"0":{"loc":{"start":{"line":27,"column":8},"end":{"line":28,"column":25}},"type":"if","locations":[{"start":{"line":27,"column":8},"end":{"line":28,"column":25}},{"start":{"line":27,"column":8},"end":{"line":28,"column":25}}],"line":27},"1":{"loc":{"start":{"line":68,"column":7},"end":{"line":72,"column":7}},"type":"cond-expr","locations":[{"start":{"line":69,"column":8},"end":{"line":69,"column":23}},{"start":{"line":71,"column":8},"end":{"line":71,"column":69}}],"line":68}},"s":{"0":0,"1":0,"2":0,"3":0,"4":0,"5":0,"6":0,"7":0,"8":0,"9":0,"10":0,"11":0,"12":0,"13":0,"14":0,"15":0,"16":0,"17":0,"18":0,"19":0,"20":0,"21":0,"22":0,"23":0},"f":{"0":0,"1":0,"2":0,"3":0,"4":0,"5":0,"6":0,"7":0},"b":{"0":[0,0],"1":[0,0]},"hash":"d222f5a538c2074ad59b747db153e194b9485d03"}
,"/Users/karel-kryspinkratochvil/WebstormProjects/cipher-chat/client/src/components/navBar/navbar.jsx": {"path":"/Users/karel-kryspinkratochvil/WebstormProjects/cipher-chat/client/src/components/navBar/navbar.jsx","statementMap":{"0":{"start":{"line":4,"column":12},"end":{"line":20,"column":1}},"1":{"start":{"line":22,"column":18},"end":{"line":33,"column":1}},"2":{"start":{"line":30,"column":4},"end":{"line":31,"column":26}},"3":{"start":{"line":30,"column":17},"end":{"line":30,"column":35}},"4":{"start":{"line":31,"column":9},"end":{"line":31,"column":26}},"5":{"start":{"line":35,"column":15},"end":{"line":93,"column":1}},"6":{"start":{"line":36,"column":16},"end":{"line":36,"column":19}},"7":{"start":{"line":37,"column":2},"end":{"line":50,"column":3}},"8":{"start":{"line":39,"column":6},"end":{"line":39,"column":25}},"9":{"start":{"line":40,"column":6},"end":{"line":40,"column":12}},"10":{"start":{"line":42,"column":6},"end":{"line":42,"column":31}},"11":{"start":{"line":43,"column":6},"end":{"line":43,"column":12}},"12":{"start":{"line":45,"column":6},"end":{"line":45,"column":24}},"13":{"start":{"line":46,"column":6},"end":{"line":46,"column":12}},"14":{"start":{"line":48,"column":6},"end":{"line":48,"column":49}},"15":{"start":{"line":49,"column":6},"end":{"line":49,"column":12}},"16":{"start":{"line":53,"column":4},"end":{"line":53,"column":23}},"17":{"start":{"line":56,"column":2},"end":{"line":92,"column":4}},"18":{"start":{"line":67,"column":16},"end":{"line":67,"column":39}},"19":{"start":{"line":68,"column":16},"end":{"line":68,"column":54}},"20":{"start":{"line":74,"column":16},"end":{"line":74,"column":39}},"21":{"start":{"line":75,"column":16},"end":{"line":75,"column":37}},"22":{"start":{"line":76,"column":16},"end":{"line":76,"column":48}},"23":{"start":{"line":84,"column":16},"end":{"line":84,"column":39}},"24":{"start":{"line":85,"column":16},"end":{"line":85,"column":45}}},"fnMap":{"0":{"name":"(anonymous_0)","decl":{"start":{"line":29,"column":11},"end":{"line":29,"column":12}},"loc":{"start":{"line":29,"column":27},"end":{"line":32,"column":3}},"line":29},"1":{"name":"(anonymous_1)","decl":{"start":{"line":35,"column":15},"end":{"line":35,"column":16}},"loc":{"start":{"line":35,"column":76},"end":{"line":93,"column":1}},"line":35},"2":{"name":"handleNavButtonClick","decl":{"start":{"line":52,"column":11},"end":{"line":52,"column":31}},"loc":{"start":{"line":52,"column":34},"end":{"line":54,"column":3}},"line":52},"3":{"name":"(anonymous_3)","decl":{"start":{"line":66,"column":23},"end":{"line":66,"column":24}},"loc":{"start":{"line":66,"column":29},"end":{"line":69,"column":15}},"line":66},"4":{"name":"(anonymous_4)","decl":{"start":{"line":73,"column":23},"end":{"line":73,"column":24}},"loc":{"start":{"line":73,"column":29},"end":{"line":77,"column":15}},"line":73},"5":{"name":"(anonymous_5)","decl":{"start":{"line":83,"column":23},"end":{"line":83,"column":24}},"loc":{"start":{"line":83,"column":29},"end":{"line":86,"column":15}},"line":83}},"branchMap":{"0":{"loc":{"start":{"line":30,"column":4},"end":{"line":31,"column":26}},"type":"if","locations":[{"start":{"line":30,"column":4},"end":{"line":31,"column":26}},{"start":{"line":30,"column":4},"end":{"line":31,"column":26}}],"line":30},"1":{"loc":{"start":{"line":37,"column":2},"end":{"line":50,"column":3}},"type":"switch","locations":[{"start":{"line":38,"column":4},"end":{"line":40,"column":12}},{"start":{"line":41,"column":4},"end":{"line":43,"column":12}},{"start":{"line":44,"column":4},"end":{"line":46,"column":12}},{"start":{"line":47,"column":4},"end":{"line":49,"column":12}}],"line":37},"2":{"loc":{"start":{"line":59,"column":9},"end":{"line":89,"column":9}},"type":"cond-expr","locations":[{"start":{"line":60,"column":10},"end":{"line":60,"column":26}},{"start":{"line":62,"column":10},"end":{"line":88,"column":27}}],"line":59}},"s":{"0":0,"1":0,"2":0,"3":0,"4":0,"5":0,"6":0,"7":0,"8":0,"9":0,"10":0,"11":0,"12":0,"13":0,"14":0,"15":0,"16":0,"17":0,"18
[...]
,"6":{"start":{"line":17,"column":32},"end":{"line":26,"column":34}},"7":{"start":{"line":28,"column":8},"end":{"line":28,"column":24}},"8":{"start":{"line":30,"column":8},"end":{"line":31,"column":25}},"9":{"start":{"line":30,"column":35},"end":{"line":30,"column":64}},"10":{"start":{"line":31,"column":13},"end":{"line":31,"column":25}},"11":{"start":{"line":35,"column":4},"end":{"line":35,"column":25}},"12":{"start":{"line":35,"column":14},"end":{"line":35,"column":25}},"13":{"start":{"line":37,"column":4},"end":{"line":41,"column":6}},"14":{"start":{"line":38,"column":6},"end":{"line":38,"column":33}},"15":{"start":{"line":39,"column":6},"end":{"line":39,"column":22}},"16":{"start":{"line":40,"column":6},"end":{"line":40,"column":35}},"17":{"start":{"line":45,"column":4},"end":{"line":50,"column":6}},"18":{"start":{"line":53,"column":2},"end":{"line":57,"column":5}},"19":{"start":{"line":54,"column":4},"end":{"line":54,"column":77}},"20":{"start":{"line":54,"column":24},"end":{"line":54,"column":53}},"21":{"start":{"line":54,"column":70},"end":{"line":54,"column":77}},"22":{"start":{"line":56,"column":4},"end":{"line":56,"column":32}},"23":{"start":{"line":59,"column":2},"end":{"line":67,"column":5}},"24":{"start":{"line":60,"column":4},"end":{"line":60,"column":77}},"25":{"start":{"line":60,"column":24},"end":{"line":60,"column":53}},"26":{"start":{"line":60,"column":70},"end":{"line":60,"column":77}},"27":{"start":{"line":62,"column":22},"end":{"line":62,"column":32}},"28":{"start":{"line":64,"column":4},"end":{"line":64,"column":73}},"29":{"start":{"line":64,"column":42},"end":{"line":64,"column":71}},"30":{"start":{"line":66,"column":4},"end":{"line":66,"column":26}},"31":{"start":{"line":69,"column":29},"end":{"line":71,"column":3}},"32":{"start":{"line":70,"column":4},"end":{"line":70,"column":28}},"33":{"start":{"line":74,"column":4},"end":{"line":74,"column":56}},"34":{"start":{"line":74,"column":16},"end":{"line":74,"column":56}},"35":{"start":{"line":76,"column":4},"end":{"line":86,"column":6}},"36":{"start":{"line":78,"column":8},"end":{"line":85,"column":9}},"37":{"start":{"line":89,"column":2},"end":{"line":100,"column":4}}},"fnMap":{"0":{"name":"(anonymous_0)","decl":{"start":{"line":9,"column":20},"end":{"line":9,"column":21}},"loc":{"start":{"line":9,"column":61},"end":{"line":101,"column":1}},"line":9},"1":{"name":"(anonymous_1)","decl":{"start":{"line":14,"column":12},"end":{"line":14,"column":13}},"loc":{"start":{"line":14,"column":18},"end":{"line":42,"column":3}},"line":14},"2":{"name":"getUsers","decl":{"start":{"line":15,"column":19},"end":{"line":15,"column":27}},"loc":{"start":{"line":15,"column":30},"end":{"line":33,"column":5}},"line":15},"3":{"name":"(anonymous_3)","decl":{"start":{"line":37,"column":11},"end":{"line":37,"column":12}},"loc":{"start":{"line":37,"column":17},"end":{"line":41,"column":5}},"line":37},"4":{"name":"getOnlineUsers","decl":{"start":{"line":44,"column":17},"end":{"line":44,"column":31}},"loc":{"start":{"line":44,"column":34},"end":{"line":51,"column":3}},"line":44},"5":{"name":"(anonymous_5)","decl":{"start":{"line":53,"column":30},"end":{"line":53,"column":31}},"loc":{"start":{"line":53,"column":45},"end":{"line":57,"column":3}},"line":53},"6":{"name":"(anonymous_6)","decl":{"start":{"line":54,"column":19},"end":{"line":54,"column":20}},"loc":{"start":{"line":54,"column":24},"end":{"line":54,"column":53}},"line":54},"7":{"name":"(anonymous_7)","decl":{"start":{"line":59,"column":33},"end":{"line":59,"column":34}},"loc":{"start":{"line":59,"column":48},"end":{"line":67,"column":3}},"line":59},"8":{"name":"(anonymous_8)","decl":{"start":{"line":60,"column":19},"end":{"line":60,"column":20}},"loc":{"start":{"line":60,"column":24},"end":{"line":60,"column":53}},"line":60},"9":{"name":"(anonymous_9)","decl":{"start":{"line":64,"column":37},"end":{"line":64,"column":38}},"loc":{"start":{"line":64,"column":42},"end":{"line":64,"column":71}},"line":64},"10":{"name":"(anonymous_10)","decl":{"start":{"line":69,"column":29},"end":{"line":69,"column":30}},"loc":{"start":{"line":69,"column":45},"end":{"line":71,"column":3}},"line":69},"11":{"name":"populateUsers","decl":{"start":{"line":73,"column":11},"end":{"line":73,"column":24}},"loc":{"start":{"line":73,"column":27},"end":{"line":87,"column":3}},"line":73},"12":{"name":"(anonymous_12)","decl":{"start":{"line":77,"column":6},"end":{"line":77,"column":7}},"loc":{"start":{"line":78,"column":8},"end":{"line":85,"column":9}},"line":78}},"branchMap":{"0":{"loc":{"start":{"line":17,"column":32},"end":{"line":26,"column":34}},"type":"cond-expr","locations":[{"start":{"line":18,"column":12},"end":{"line":25,"column":13}},{"start":{"line":26,"column":12},"end":{"line":26,"column":34}}],"line":17},"1":{"loc":{"start":{"line":30,"column":8},"end":{"line":31,"column":25}},"type":"if","locations":[{"start":{"line":30,"column":8},"end":{"line":31,"column":25}},{"start":{"line":30,"column":8},"end":{"line":31,"column":25}}],"line":30},"2":{"loc":{"start":{"line":35,"column":4},"end":{"line":35,"column":25}},"type":"if","locations":[{"start":{"line":35,"column":4},"end":{"line":35,"column":25}},{"start":{"line":35,"column":4},"end":{"line":35,"column":25}}],"line":35},"3":{"loc":{"start":{"line":54,"column":4},"end":{"line":54,"column":77}},"type":"if","locations":[{"start":{"line":54,"column":4},"end":{"line":54,"column":77}},{"start":{"line":54,"column":4},"end":{"line":54,"column":77}}],"line":54},"4":{"loc":{"start":{"line":60,"column":4},"end":{"line":60,"column":77}},"type":"if","locations":[{"start":{"line":60,"column":4},"end":{"line":60,"column":77}},{"start":{"line":60,"column":4},"end":{"line":60,"column":77}}],"line":60},"5":{"loc":{"start":{"line":74,"column":4},"end":{"line":74,"column":56}},"type":"if","locations":[{"start":{"line":74,"column":4},"end":{"line":74,"column":56}},{"start":{"line":74,"column":4},"end":{"line":74,"column":56}}],"line":74},"6":{"loc":{"start":{"line":78,"column":8},"end":{"line":85,"column":9}},"type":"binary-expr","locations":[{"start":{"line":78,"column":8},"end":{"line":78,"column":40}},{"start":{"line":79,"column":10},"end":{"line":84,"column":12}}],"line":78}},"s":{"0":0,"1":0,"2":0,"3":0,"4":0,"5":0,"6":0,"7":0,"8":0,"9":0,"10":0,"11":0,"12":0,"13":0,"14":0,"15":0,"16":0,"17":0,"18":0,"19":0,"20":0,"21":0,"22":0,"23":0,"24":0,"25":0,"26":0,"27":0,"28":0,"29":0,"30":0,"31":0,"32":0,"33":0,"34":0,"35":0,"36":0,"37":0},"f":{"0":0,"1":0,"2":0,"3":0,"4":0,"5":0,"6":0,"7":0,"8":0,"9":0,"10":0,"11":0,"12":0},"b":{"0":[0,0],"1":[0,0],"2":[0,0],"3":[0,0],"4":[0,0],"5":[0,0],"6":[0,0]},"hash":"0e1c9018f5b3f518fa37feccf2755641400f862f"}
,"/Users/karel-kryspinkratochvil/WebstormProjects/cipher-chat/client/src/components/profile/avatar.jsx": {"path":"/Users/karel-kryspinkratochvil/WebstormProjects/cipher-chat/client/src/components/profile/avatar.jsx","statementMap":{"0":{"start":{"line":5,"column":18},"end":{"line":17,"column":1}},"1":{"start":{"line":19,"column":15},"end":{"line":25,"column":1}},"2":{"start":{"line":20,"column":2},"end":{"line":24,"column":4}}},"fnMap":{"0":{"name":"(anonymous_0)","decl":{"start":{"line":19,"column":15},"end":{"line":19,"column":16}},"loc":{"start":{"line":19,"column":21},"end":{"line":25,"column":1}},"line":19}},"branchMap":{},"s":{"0":0,"1":0,"2":0},"f":{"0":0},"b":{},"hash":"fb5950f4646c0ebb9f9d8e8cafbc6af582046ef9"}
,"/Users/karel-kryspinkratochvil/WebstormProjects/cipher-chat/client/src/components/profile/bio.jsx": {"path":"/Users/karel-kryspinkratochvil/WebstormProjects/cipher-chat/client/src/components/profile/bio.jsx","statementMap":{"0":{"start":{"line":5,"column":10},"end":{"line":10,"column":1}},"1":{"start":{"line":12,"column":17},"end":{"line":18,"column":1}},"2":{"start":{"line":20,"column":12},"end":{"line":51,"column":1}},"3":{"start":{"line":21,"column":30},"end":{"line":21,"column":45}},"4":{"start":{"line":22,"column":25},"end":{"line":22,"column":37}},"5":{"start":{"line":24,"column":19},"end":{"line":24,"column":43}},"6":{"start":{"line":24,"column":25},"end":{"line":24,"column":43}},"7":{"start":{"line":25,"column":21},"end":{"line":29,"column":3}},"8":{"start":{"line":26,"column":4},"end":{"line":26,"column":40}},"9":{"start":{"line":26,"column":22},"end":{"line":26,"column":40}},"10":{"start":{"line":27,"column":4},"end":{"line":27,"column":17}},"11":{"start":{"line":28,"column":4},"end":{"line":28,"column":15}},"12":{"start":{"line":31,"column":2},"end":{"line":33,"column":12}},"13":{"start":{"line":32,"column":4},"end":{"line":32,"column":16}},"14":{"start":{"line":35,"column":2},"end":{"line":50,"column":4}},"15":{"start":{"line":42,"column":38},"end":{"line":42,"column":58}},"16":{"start":{"line":47,"column":29},"end":{"line":47,"column":44}}},"fnMap":{"0":{"name":"(anonymous_0)","decl":{"start":{"line":20,"column":12},"end":{"line":20,"column":13}},"loc":{"start":{"line":20,"column":33},"end":{"line":51,"column":1}},"line":20},"1":{"name":"(anonymous_1)","decl":{"start":{"line":24,"column":19},"end":{"line":24,"column":20}},"loc":{"start":{"line":24,"column":25},"end":{"line":24,"column":43}},"line":24},"2":{"name":"(anonymous_2)","decl":{"start":{"line":25,"column":21},"end":{"line":25,"column":22}},"loc":{"start":{"line":25,"column":26},"end":{"line":29,"column":3}},"line":25},"3":{"name":"(anonymous_3)","decl":{"start":{"line":31,"column":12},"end":{"line":31,"column":13}},"loc":{"start":{"line":31,"column":18},"end":{"line":33,"column":3}},"line":31},"4":{"name":"(anonymous_4)","decl":{"start":{"line":42,"column":22},"end":{"line":42,"column":23}},"loc":{"start":{"line":42,"column":38},"end":{"line":42,"column":58}},"line":42},"5":{"name":"(anonymous_5)","decl":{"start":{"line":47,"column":23},"end":{"line":47,"column":24}},"loc":{"start":{"line":47,"column":29},"end":{"line":47,"column":44}},"line":47}},"branchMap":{"0":{"loc":{"start":{"line":26,"column":4},"end":{"line":26,"column":40}},"type":"if","locations":[{"start":{"line":26,"column":4},"end":{"line":26,"column":40}},{"start":{"line":26,"column":4},"end":{"line":26,"column":40}}],"line":26},"1":{"loc":{"start":{"line":37,"column":7},"end":{"line":48,"column":7}},"type":"cond-expr","locations":[{"start":{"line":38,"column":8},"end":{"line":45,"column":25}},{"start":{"line":47,"column":8},"end":{"line":47,"column":67}}],"line":37},"2":{"loc":{"start":{"line":47,"column":47},"end":{"line":47,"column":59}},"type":"binary-expr","locations":[{"start":{"line":47,"column":47},"end":{"line":47,"column":50}},{"start":{"line":47,"column":54},"end":{"line":47,"column":59}}],"line":47}},"s":{"0":0,"1":0,"2":0,"3":0,"4":0,"5":0,"6":0,"7":0,"8":0,"9":0,"10":0,"11":0,"12":0,"13":0,"14":0,"15":0,"16":0},"f":{"0":0,"1":0,"2":0,"3":0,"4":0,"5":0},"b":{"0":[0,0],"1":[0,0],"2":[0,0]},"hash":"85cba5eee6b620ddabf9405e07b187087a306394"}
,"/Users/karel-kryspinkratochvil/WebstormProjects/cipher-chat/client/src/components/profile/profile.jsx": {"path":"/Users/karel-kryspinkratochvil/WebstormProjects/cipher-chat/client/src/components/profile/profile.jsx","statementMap":{"0":{"start":{"line":6,"column":18},"end":{"line":20,"column":1}},"1":{"start":{"line":22,"column":13},"end":{"line":46,"column":1}},"2":{"start":{"line":48,"column":16},"end":{"line":86,"column":1}},"3":{"start":{"line":49,"column":23},"end":{"line":53,"column":3}},"4":{"start":{"line":50,"column":4},"end":{"line":50,"column":25}},"5":{"start":{"line":52,"column":4},"end":{"line":52,"column":26}},"6":{"start":{"line":55,"column":17},"end":{"line":55,"column":48}},"7":{"start":{"line":58,"column":4},"end":{"line":58,"column":18}},"8":{"start":{"line":61,"column":2},"end":{"line":85,"column":4}}},"fnMap":{"0":{"name":"(anonymous_0)","decl":{"start":{"line":48,"column":16},"end":{"line":48,"column":17}},"loc":{"start":{"line":48,"column":80},"end":{"line":86,"column":1}},"line":48},"1":{"name":"(anonymous_1)","decl":{"start":{"line":49,"column":23},"end":{"line":49,"column":24}},"loc":{"start":{"line":49,"column":29},"end":{"line":53,"column":3}},"line":49},"2":{"name":"handleNavClick","decl":{"start":{"line":57,"column":11},"end":{"line":57,"column":25}},"loc":{"start":{"line":57,"column":28},"end":{"line":59,"column":3}},"line":57}},"branchMap":{"0":{"loc":{"start":{"line":55,"column":17},"end":{"line":55,"column":48}},"type":"cond-expr","locations":[{"start":{"line":55,"column":28},"end":{"line":55,"column":36}},{"start":{"line":55,"column":39},"end":{"line":55,"column":48}}],"line":55}},"s":{"0":0,"1":0,"2":0,"3":0,"4":0,"5":0,"6":0,"7":0,"8":0},"f":{"0":0,"1":0,"2":0},"b":{"0":[0,0]},"hash":"c19859e0a54de31d167226068d460f900d36fb41"}
,"/Users/karel-kryspinkratochvil/WebstormProjects/cipher-chat/client/src/components/profile/username.jsx": {"path":"/Users/karel-kryspinkratochvil/WebstormProjects/cipher-chat/client/src/components/profile/username.jsx","statementMap":{"0":{"start":{"line":4,"column":16},"end":{"line":14,"column":1}},"1":{"start":{"line":16,"column":17},"end":{"line":22,"column":1}},"2":{"start":{"line":17,"column":2},"end":{"line":21,"column":4}}},"fnMap":{"0":{"name":"(anonymous_0)","decl":{"start":{"line":16,"column":17},"end":{"line":16,"column":18}},"loc":{"start":{"line":16,"column":35},"end":{"line":22,"column":1}},"line":16}},"branchMap":{"0":{"loc":{"start":{"line":19,"column":11},"end":{"line":19,"column":35}},"type":"binary-expr","locations":[{"start":{"line":19,"column":11},"end":{"line":19,"column":19}},{"start":{"line":19,"column":23},"end":{"line":19,"column":35}}],"line":19}},"s":{"0":0,"1":0,"2":0},"f":{"0":0},"b":{"0":[0,0]},"hash":"149585c92d43a2d337da524fb62e325a54de7ba3"}
,"/Users/karel-kryspinkratochvil/WebstormProjects/cipher-chat/client/src/services/chatService.js": {"path":"/Users/karel-kryspinkratochvil/WebstormProjects/cipher-chat/client/src/services/chatService.js","statementMap":{"0":{"start":{"line":6,"column":2},"end":{"line":6,"column":66}},"1":{"start":{"line":7,"column":24},"end":{"line":7,"column":46}},"2":{"start":{"line":9,"column":24},"end":{"line":17,"column":1}},"3":{"start":{"line":10,"column":16},"end":{"line":10,"column":32}},"4":{"start":{"line":11,"column":16},"end":{"line":11,"column":49}},"5":{"start":{"line":12,"column":2},"end":{"line":14,"column":4}},"6":{"start":{"line":16,"column":2},"end":{"line":16,"column":74}},"7":{"start":{"line":20,"column":16},"end":{"line":20,"column":49}},"8":{"start":{"line":21,"column":2},"end":{"line":23,"column":4}},"9":{"start":{"line":25,"column":2},"end":{"line":25,"column":58}},"10":{"start":{"line":29,"column":16},"end":{"line":29,"column":49}},"11":{"start":{"line":30,"column":2},"end":{"line":32,"column":4}},"12":{"start":{"line":34,"column":2},"end":{"line":37,"column":4}},"13":{"start":{"line":41,"column":16},"end":{"line":41,"column":49}},"14":{"start":{"line":42,"column":2},"end":{"line":44,"column":4}},"15":{"start":{"line":46,"column":2},"end":{"line":46,"column":72}}},"fnMap":{"0":{"name":"(anonymous_0)","decl":{"start":{"line":9,"column":24},"end":{"line":9,"column":25}},"loc":{"start":{"line":9,"column":58},"end":{"line":17,"column":1}},"line":9},"1":{"name":"sendChat","decl":{"start":{"line":19,"column":22},"end":{"line":19,"column":30}},"loc":{"start":{"line":19,"column":47},"end":{"line":26,"column":1}},"line":19},"2":{"name":"getPrivateChannels","decl":{"start":{"line":28,"column":22},"end":{"line":28,"column":40}},"loc":{"start":{"line":28,"column":58},"end":{"line":38,"column":1}},"line":28},"3":{"name":"seenChat","decl":{"start":{"line":40,"column":22},"end":{"line":40,"column":30}},"loc":{"start":{"line":40,"column":47},"end":{"line":47,"column":1}},"line":40}},"branchMap":{"0":{"loc":{"start":{"line":6,"column":2},"end":{"line":6,"column":66}},"type":"binary-expr","locations":[{"start":{"line":6,"column":2},"end":{"line":6,"column":35}},{"start":{"line":6,"column":39},"end":{"line":6,"column":66}}],"line":6}},"s":{"0":0,"1":0,"2":0,"3":0,"4":0,"5":0,"6":0,"7":0,"8":0,"9":0,"10":0,"11":0,"12":0,"13":0,"14":0,"15":0},"f":{"0":0,"1":0,"2":0,"3":0},"b":{"0":[0,0]},"hash":"6018064f83d797393eae0c235dfa0f63cf5966db"}
,"/Users/karel-kryspinkratochvil/WebstormProjects/cipher-chat/client/src/services/httpService.js": {"path":"/Users/karel-kryspinkratochvil/WebstormProjects/cipher-chat/client/src/services/httpService.js","statementMap":{},"fnMap":{},"branchMap":{},"s":{},"f":{},"b":{},"hash":"fcc64663aa8941fe6f51e84336f945e345cfe7eb"}
,"/Users/karel-kryspinkratochvil/WebstormProjects/cipher-chat/client/src/services/userService.js": {"path":"/Users/karel-kryspinkratochvil/WebstormProjects/cipher-chat/client/src/services/userService.js","statementMap":{"0":{"start":{"line":6,"column":2},"end":{"line":6,"column":66}},"1":{"start":{"line":7,"column":24},"end":{"line":7,"column":46}},"2":{"start":{"line":9,"column":27},"end":{"line":16,"column":1}},"3":{"start":{"line":10,"column":16},"end":{"line":10,"column":49}},"4":{"start":{"line":11,"column":2},"end":{"line":13,"column":4}},"5":{"start":{"line":15,"column":2},"end":{"line":15,"column":77}},"6":{"start":{"line":18,"column":23},"end":{"line":25,"column":1}},"7":{"start":{"line":19,"column":16},"end":{"line":19,"column":49}},"8":{"start":{"line":20,"column":2},"end":{"line":22,"column":4}},"9":{"start":{"line":24,"column":2},"end":{"line":24,"column":74}},"10":{"start":{"line":27,"column":24},"end":{"line":29,"column":1}},"11":{"start":{"line":28,"column":2},"end":{"line":28,"column":48}},"12":{"start":{"line":32,"column":2},"end":{"line":32,"column":67}},"13":{"start":{"line":35,"column":29},"end":{"line":39,"column":1}},"14":{"start":{"line":36,"column":24},"end":{"line":36,"column":72}},"15":{"start":{"line":38,"column":2},"end":{"line":38,"column":22}},"16":{"start":{"line":41,"column":24},"end":{"line":45,"column":1}},"17":{"start":{"line":42,"column":19},"end":{"line":42,"column":68}},"18":{"start":{"line":44,"column":2},"end":{"line":44,"column":14}},"19":{"start":{"line":47,"column":30},"end":{"line":54,"column":1}},"20":{"start":{"line":48,"column":16},"end":{"line":48,"column":49}},"21":{"start":{"line":49,"column":2},"end":{"line":51,"column":4}},"22":{"start":{"line":53,"column":2},"end":{"line":53,"column":59}}},"fnMap":{"0":{"name":"(anonymous_0)","decl":{"start":{"line":9,"column":27},"end":{"line":9,"column":28}},"loc":{"start":{"line":9,"column":57},"end":{"line":16,"column":1}},"line":9},"1":{"name":"(anonymous_1)","decl":{"start":{"line":18,"column":23},"end":{"line":18,"column":24}},"loc":{"start":{"line":18,"column":53},"end":{"line":25,"column":1}},"line":18},"2":{"name":"(anonymous_2)","decl":{"start":{"line":27,"column":24},"end":{"line":27,"column":25}},"loc":{"start":{"line":27,"column":38},"end":{"line":29,"column":1}},"line":27},"3":{"name":"updateUser","decl":{"start":{"line":31,"column":22},"end":{"line":31,"column":32}},"loc":{"start":{"line":31,"column":52},"end":{"line":33,"column":1}},"line":31},"4":{"name":"(anonymous_4)","decl":{"start":{"line":35,"column":29},"end":{"line":35,"column":30}},"loc":{"start":{"line":35,"column":47},"end":{"line":39,"column":1}},"line":35},"5":{"name":"(anonymous_5)","decl":{"start":{"line":41,"column":24},"end":{"line":41,"column":25}},"loc":{"start":{"line":41,"column":38},"end":{"line":45,"column":1}},"line":41},"6":{"name":"(anonymous_6)","decl":{"start":{"line":47,"column":30},"end":{"line":47,"column":31}},"loc":{"start":{"line":47,"column":46},"end":{"line":54,"column":1}},"line":47}},"branchMap":{"0":{"loc":{"start":{"line":6,"column":2},"end":{"line":6,"column":66}},"type":"binary-expr","locations":[{"start":{"line":6,"column":2},"end":{"line":6,"column":35}},{"start":{"line":6,"column":39},"end":{"line":6,"column":66}}],"line":6}},"s":{"0":0,"1":0,"2":0,"3":0,"4":0,"5":0,"6":0,"7":0,"8":0,"9":0,"10":0,"11":0,"12":0,"13":0,"14":0,"15":0,"16":0,"17":0,"18":0,"19":0,"20":0,"21":0,"22":0},"f":{"0":0,"1":0,"2":0,"3":0,"4":0,"5":0,"6":0},"b":{"0":[0,0]},"hash":"6a5a2daadfa3ade61ec00493702f965a282af4f0"}
}
