TN:
SF:/Users/karel-kryspinkratochvil/WebstormProjects/cipher-chat/client/src/App.js
FN:24,App
FNF:1
FNH:0
FNDA:0,App
DA:9,0
DA:25,0
LF:2
LH:0
BRF:0
BRH:0
end_of_record
TN:
SF:/Users/karel-kryspinkratochvil/WebstormProjects/cipher-chat/client/src/index.js
FNF:0
FNH:0
DA:11,0
DA:21,0
LF:2
LH:0
BRF:0
BRH:0
end_of_record
TN:
SF:/Users/karel-kryspinkratochvil/WebstormProjects/cipher-chat/client/src/serviceWorker.js
FN:25,register
FN:36,(anonymous_1)
FN:45,(anonymous_2)
FN:59,registerValidSW
FN:62,(anonymous_4)
FN:63,(anonymous_5)
FN:69,(anonymous_6)
FN:99,(anonymous_7)
FN:104,checkValidServiceWorker
FN:107,(anonymous_9)
FN:115,(anonymous_10)
FN:116,(anonymous_11)
FN:125,(anonymous_12)
FN:132,unregister
FN:134,(anonymous_14)
FNF:15
FNH:0
FNDA:0,register
FNDA:0,(anonymous_1)
FNDA:0,(anonymous_2)
FNDA:0,registerValidSW
FNDA:0,(anonymous_4)
FNDA:0,(anonymous_5)
FNDA:0,(anonymous_6)
FNDA:0,(anonymous_7)
FNDA:0,checkValidServiceWorker
FNDA:0,(anonymous_9)
FNDA:0,(anonymous_10)
FNDA:0,(anonymous_11)
FNDA:0,(anonymous_12)
FNDA:0,unregister
FNDA:0,(anonymous_14)
DA:15,0
DA:26,0
DA:28,0
DA:29,0
DA:33,0
DA:36,0
DA:37,0
DA:39,0
DA:41,0
DA:45,0
DA:46,0
DA:53,0
DA:60,0
DA:63,0
DA:64,0
DA:65,0
DA:66,0
DA:69,0
DA:70,0
DA:71,0
DA:75,0
DA:81,0
DA:82,0
DA:88,0
DA:91,0
DA:92,0
DA:100,0
DA:106,0
DA:109,0
DA:110,0
DA:115,0
DA:116,0
DA:117,0
DA:122,0
DA:126,0
DA:133,0
DA:134,0
DA:135,0
LF:38
LH:0
BRDA:16,0,0,0
BRDA:16,0,1,0
BRDA:16,0,2,0
BRDA:26,1,0,0
BRDA:26,1,1,0
BRDA:26,2,0,0
BRDA:26,2,1,0
BRDA:29,3,0,0
BRDA:29,3,1,0
BRDA:39,4,0,0
BRDA:39,4,1,0
BRDA:65,5,0,0
BRDA:65,5,1,0
BRDA:70,6,0,0
BRDA:70,6,1,0
BRDA:71,7,0,0
BRDA:71,7,1,0
BRDA:81,8,0,0
BRDA:81,8,1,0
BRDA:81,9,0,0
BRDA:81,9,1,0
BRDA:91,10,0,0
BRDA:91,10,1,0
BRDA:91,11,0,0
BRDA:91,11,1,0
BRDA:110,12,0,0
BRDA:110,12,1,0
BRDA:111,13,0,0
BRDA:111,13,1,0
BRDA:111,13,2,0
BRDA:133,14,0,0
BRDA:133,14,1,0
BRF:32
BRH:0
end_of_record
TN:
SF:/Users/karel-kryspinkratochvil/WebstormProjects/cipher-chat/client/src/components/badge.js
FNF:0
FNH:0
DA:3,0
LF:1
LH:0
BRF:0
BRH:0
end_of_record
TN:
SF:/Users/karel-kryspinkratochvil/WebstormProjects/cipher-chat/client/src/components/card.jsx
FN:14,(anonymous_0)
FNF:1
FNH:0
FNDA:0,(anonymous_0)
DA:4,0
DA:14,0
DA:15,0
LF:3
LH:0
BRF:0
BRH:0
end_of_record
TN:
SF:/Users/karel-kryspinkratochvil/WebstormProjects/cipher-chat/client/src/components/container.jsx
FN:22,(anonymous_0)
FNF:1
FNH:0
FNDA:0,(anonymous_0)
DA:4,0
DA:22,0
DA:23,0
LF:3
LH:0
BRF:0
BRH:0
end_of_record
TN:
SF:/Users/karel-kryspinkratochvil/WebstormProjects/cipher-chat/client/src/components/containerItem.js
FN:4,(anonymous_0)
FN:5,(anonymous_1)
FNF:2
FNH:0
FNDA:0,(anonymous_0)
FNDA:0,(anonymous_1)
DA:3,0
DA:4,0
DA:5,0
LF:3
LH:0
BRDA:4,0,0,0
BRDA:4,0,1,0
BRDA:5,1,0,0
BRDA:5,1,1,0
BRF:4
BRH:0
end_of_record
TN:
SF:/Users/karel-kryspinkratochvil/WebstormProjects/cipher-chat/client/src/components/footer.jsx
FN:16,(anonymous_0)
FN:17,goto
FN:25,(anonymous_2)
FN:29,(anonymous_3)
FNF:4
FNH:0
FNDA:0,(anonymous_0)
FNDA:0,goto
FNDA:0,(anonymous_2)
FNDA:0,(anonymous_3)
DA:4,0
DA:16,0
DA:18,0
DA:21,0
DA:25,0
DA:29,0
LF:6
LH:0
BRF:0
BRH:0
end_of_record
TN:
SF:/Users/karel-kryspinkratochvil/WebstormProjects/cipher-chat/client/src/components/input.jsx
FN:20,(anonymous_0)
FNF:1
FNH:0
FNDA:0,(anonymous_0)
DA:4,0
DA:20,0
DA:21,0
LF:3
LH:0
BRF:0
BRH:0
end_of_record
TN:
SF:/Users/karel-kryspinkratochvil/WebstormProjects/cipher-chat/client/src/components/chat/chat.jsx
FN:18,(anonymous_0)
FN:27,(anonymous_1)
FN:30,getUser
FN:47,(anonymous_3)
FN:53,(anonymous_4)
FN:66,changeStatus
FN:71,beOnline
FN:85,beOffline
FN:91,getECDH
FN:104,getPassphrase
FN:115,handleUpdateUserBio
FN:127,flipOpenNav
FN:131,handleChannelOpen
FN:143,getChannelId
FN:175,(anonymous_14)
FN:188,(anonymous_15)
FN:200,(anonymous_16)
FNF:17
FNH:0
FNDA:0,(anonymous_0)
FNDA:0,(anonymous_1)
FNDA:0,getUser
FNDA:0,(anonymous_3)
FNDA:0,(anonymous_4)
FNDA:0,changeStatus
FNDA:0,beOnline
FNDA:0,beOffline
FNDA:0,getECDH
FNDA:0,getPassphrase
FNDA:0,handleUpdateUserBio
FNDA:0,flipOpenNav
FNDA:0,handleChannelOpen
FNDA:0,getChannelId
FNDA:0,(anonymous_14)
FNDA:0,(anonymous_15)
FNDA:0,(anonymous_16)
DA:14,0
DA:18,0
DA:19,0
DA:20,0
DA:21,0
DA:22,0
DA:24,0
DA:26,0
DA:27,0
DA:28,0
DA:31,0
DA:32,0
DA:36,0
DA:37,0
DA:39,0
DA:40,0
DA:44,0
DA:46,0
DA:47,0
DA:48,0
DA:49,0
DA:53,0
DA:54,0
DA:55,0
DA:56,0
DA:57,0
DA:59,0
DA:61,0
DA:62,0
DA:67,0
DA:68,0
DA:72,0
DA:80,0
DA:81,0
DA:82,0
DA:86,0
DA:87,0
DA:88,0
DA:92,0
DA:94,0
DA:96,0
DA:98,0
DA:99,0
DA:101,0
DA:105,0
DA:106,0
DA:107,0
DA:109,0
DA:111,0
DA:112,0
DA:116,0
DA:117,0
DA:119,0
DA:120,0
DA:121,0
DA:123,0
DA:128,0
DA:132,0
DA:134,0
DA:135,0
DA:137,0
DA:138,0
DA:140,0
DA:144,0
DA:145,0
DA:147,0
DA:148,0
DA:150,0
DA:153,0
DA:176,0
DA:189,0
DA:201,0
LF:72
LH:0
BRDA:15,0,0,0
BRDA:15,0,1,0
BRDA:39,1,0,0
BRDA:39,1,1,0
BRDA:55,2,0,0
BRDA:55,2,1,0
BRDA:61,3,0,0
BRDA:61,3,1,0
BRDA:67,4,0,0
BRDA:67,4,1,0
BRDA:109,5,0,0
BRDA:109,5,1,0
BRDA:127,6,0,0
BRF:13
BRH:0
end_of_record
TN:
SF:/Users/karel-kryspinkratochvil/WebstormProjects/cipher-chat/client/src/components/chatbox/chatForm.jsx
FN:19,(anonymous_0)
FN:23,handleMessageChange
FN:27,handleSendEvent
FN:34,(anonymous_3)
FNF:4
FNH:0
FNDA:0,(anonymous_0)
FNDA:0,handleMessageChange
FNDA:0,handleSendEvent
FNDA:0,(anonymous_3)
DA:6,0
DA:15,0
DA:19,0
DA:20,0
DA:21,0
DA:24,0
DA:28,0
DA:29,0
DA:31,0
DA:32,0
DA:34,0
DA:35,0
DA:36,0
DA:40,0
DA:44,0
LF:15
LH:0
BRDA:29,0,0,0
BRDA:29,0,1,0
BRDA:40,1,0,0
BRDA:40,1,1,0
BRDA:49,2,0,0
BRDA:49,2,1,0
BRF:6
BRH:0
end_of_record
TN:
SF:/Users/karel-kryspinkratochvil/WebstormProjects/cipher-chat/client/src/components/chatbox/chatbox.jsx
FN:11,(anonymous_0)
FN:20,(anonymous_1)
FN:23,(anonymous_2)
FN:38,(anonymous_3)
FN:47,(anonymous_4)
FN:56,decryptMsg
FN:58,(anonymous_6)
FN:74,updateChats
FN:80,submitMessage
FN:109,encryptMsg
FN:124,updateScroll
FN:129,populateChatBox
FN:135,(anonymous_12)
FNF:13
FNH:0
FNDA:0,(anonymous_0)
FNDA:0,(anonymous_1)
FNDA:0,(anonymous_2)
FNDA:0,(anonymous_3)
FNDA:0,(anonymous_4)
FNDA:0,decryptMsg
FNDA:0,(anonymous_6)
FNDA:0,updateChats
FNDA:0,submitMessage
FNDA:0,encryptMsg
FNDA:0,updateScroll
FNDA:0,populateChatBox
FNDA:0,(anonymous_12)
DA:9,0
DA:11,0
DA:12,0
DA:14,0
DA:15,0
DA:16,0
DA:17,0
DA:19,0
DA:20,0
DA:21,0
DA:23,0
DA:24,0
DA:25,0
DA:29,0
DA:31,0
DA:32,0
DA:36,0
DA:38,0
DA:39,0
DA:40,0
DA:41,0
DA:47,0
DA:48,0
DA:50,0
DA:51,0
DA:53,0
DA:57,0
DA:58,0
DA:60,0
DA:61,0
DA:64,0
DA:67,0
DA:69,0
DA:71,0
DA:75,0
DA:77,0
DA:81,0
DA:82,0
DA:84,0
DA:100,0
DA:104,0
DA:105,0
DA:110,0
DA:111,0
DA:114,0
DA:115,0
DA:118,0
DA:119,0
DA:121,0
DA:125,0
DA:126,0
DA:130,0
DA:132,0
DA:137,0
DA:149,0
DA:151,0
DA:156,0
LF:57
LH:0
BRDA:16,0,0,0
BRDA:16,0,1,0
BRDA:17,1,0,0
BRDA:17,1,1,0
BRDA:31,2,0,0
BRDA:31,2,1,0
BRDA:48,3,0,0
BRDA:48,3,1,0
BRDA:75,4,0,0
BRDA:75,4,1,0
BRDA:84,5,0,0
BRDA:84,5,1,0
BRDA:126,6,0,0
BRDA:126,6,1,0
BRDA:132,7,0,0
BRDA:132,7,1,0
BRF:16
BRH:0
end_of_record
TN:
SF:/Users/karel-kryspinkratochvil/WebstormProjects/cipher-chat/client/src/components/chatbox/chatbubble/chatMsg.jsx
FN:17,(anonymous_0)
FN:18,displayMessage
FNF:2
FNH:0
FNDA:0,(anonymous_0)
FNDA:0,displayMessage
DA:4,0
DA:17,0
DA:19,0
DA:21,0
DA:24,0
LF:5
LH:0
BRDA:19,0,0,0
BRDA:19,0,1,0
BRDA:19,1,0,0
BRDA:19,1,1,0
BRF:4
BRH:0
end_of_record
TN:
SF:/Users/karel-kryspinkratochvil/WebstormProjects/cipher-chat/client/src/components/chatbox/chatbubble/chatTimestamp.jsx
FN:12,(anonymous_0)
FN:13,(anonymous_1)
FN:57,displaySeenStatus
FNF:3
FNH:0
FNDA:0,(anonymous_0)
FNDA:0,(anonymous_1)
FNDA:0,displaySeenStatus
DA:4,0
DA:12,0
DA:13,0
DA:14,0
DA:16,0
DA:31,0
DA:41,0
DA:43,0
DA:44,0
DA:45,0
DA:46,0
DA:47,0
DA:48,0
DA:49,0
DA:51,0
DA:52,0
DA:54,0
DA:58,0
DA:61,0
LF:19
LH:0
BRDA:14,0,0,0
BRDA:14,0,1,0
BRDA:14,1,0,0
BRDA:14,1,1,0
BRDA:47,2,0,0
BRDA:47,2,1,0
BRDA:49,3,0,0
BRDA:49,3,1,0
BRDA:58,4,0,0
BRDA:58,4,1,0
BRDA:63,5,0,0
BRDA:63,5,1,0
BRDA:65,6,0,0
BRDA:65,6,1,0
BRF:14
BRH:0
end_of_record
TN:
SF:/Users/karel-kryspinkratochvil/WebstormProjects/cipher-chat/client/src/components/chatbox/chatbubble/chatbubble.jsx
FN:11,(anonymous_0)
FN:24,(anonymous_1)
FN:42,(anonymous_2)
FN:63,prevSentByUser
FN:75,decryptMessage
FN:81,handleMsgBubbleClick
FN:88,handleSenderClick
FN:102,(anonymous_7)
FN:102,(anonymous_8)
FNF:9
FNH:0
FNDA:0,(anonymous_0)
FNDA:0,(anonymous_1)
FNDA:0,(anonymous_2)
FNDA:0,prevSentByUser
FNDA:0,decryptMessage
FNDA:0,handleMsgBubbleClick
FNDA:0,handleSenderClick
FNDA:0,(anonymous_7)
FNDA:0,(anonymous_8)
DA:8,0
DA:10,0
DA:12,0
DA:20,0
DA:25,0
DA:32,0
DA:42,0
DA:51,0
DA:53,0
DA:55,0
DA:56,0
DA:57,0
DA:58,0
DA:61,0
DA:64,0
DA:66,0
DA:67,0
DA:72,0
DA:76,0
DA:78,0
DA:82,0
DA:83,0
DA:84,0
DA:85,0
DA:89,0
DA:91,0
DA:94,0
DA:102,0
LF:28
LH:0
BRDA:12,0,0,0
BRDA:12,0,1,0
BRDA:25,1,0,0
BRDA:25,1,1,0
BRDA:55,2,0,0
BRDA:55,2,1,0
BRDA:56,3,0,0
BRDA:56,3,1,0
BRDA:58,4,0,0
BRDA:58,4,1,0
BRDA:61,5,0,0
BRDA:61,5,1,0
BRDA:64,6,0,0
BRDA:64,6,1,0
BRDA:67,7,0,0
BRDA:67,7,1,0
BRDA:68,8,0,0
BRDA:68,8,1,0
BRDA:76,9,0,0
BRDA:76,9,1,0
BRDA:82,10,0,0
BRDA:82,10,1,0
BRDA:83,11,0,0
BRDA:83,11,1,0
BRDA:98,12,0,0
BRDA:98,12,1,0
BRDA:107,13,0,0
BRDA:107,13,1,0
BRF:28
BRH:0
end_of_record
TN:
SF:/Users/karel-kryspinkratochvil/WebstormProjects/cipher-chat/client/src/components/forms/button.jsx
FN:22,(anonymous_0)
FNF:1
FNH:0
FNDA:0,(anonymous_0)
DA:4,0
DA:22,0
DA:23,0
LF:3
LH:0
BRF:0
BRH:0
end_of_record
TN:
SF:/Users/karel-kryspinkratochvil/WebstormProjects/cipher-chat/client/src/components/forms/inputForm.jsx
FN:15,(anonymous_0)
FNF:1
FNH:0
FNDA:0,(anonymous_0)
DA:5,0
DA:9,0
DA:15,0
DA:16,0
DA:18,0
LF:5
LH:0
BRF:0
BRH:0
end_of_record
TN:
SF:/Users/karel-kryspinkratochvil/WebstormProjects/cipher-chat/client/src/components/forms/title.jsx
FN:16,(anonymous_0)
FNF:1
FNH:0
FNDA:0,(anonymous_0)
DA:5,0
DA:16,0
DA:17,0
LF:3
LH:0
BRDA:20,0,0,0
BRDA:20,0,1,0
BRDA:21,1,0,0
BRDA:21,1,1,0
BRF:4
BRH:0
end_of_record
TN:
SF:/Users/karel-kryspinkratochvil/WebstormProjects/cipher-chat/client/src/components/forms/useForm.jsx
FN:3,(anonymous_0)
FN:8,(anonymous_1)
FN:14,(anonymous_2)
FN:20,(anonymous_3)
FN:22,(anonymous_4)
FNF:5
FNH:0
FNDA:0,(anonymous_0)
FNDA:0,(anonymous_1)
FNDA:0,(anonymous_2)
FNDA:0,(anonymous_3)
FNDA:0,(anonymous_4)
DA:3,0
DA:4,0
DA:5,0
DA:6,0
DA:8,0
DA:9,0
DA:10,0
DA:14,0
DA:15,0
DA:16,0
DA:17,0
DA:20,0
DA:21,0
DA:22,0
DA:28,0
LF:15
LH:0
BRDA:9,0,0,0
BRDA:9,0,1,0
BRDA:9,1,0,0
BRDA:9,1,1,0
BRDA:15,2,0,0
BRDA:15,2,1,0
BRF:6
BRH:0
end_of_record
TN:
SF:/Users/karel-kryspinkratochvil/WebstormProjects/cipher-chat/client/src/components/forms/userForm.jsx
FN:6,(anonymous_0)
FN:16,doSubmit
FN:19,(anonymous_2)
FN:24,checkCurrentUser
FNF:4
FNH:0
FNDA:0,(anonymous_0)
FNDA:0,doSubmit
FNDA:0,(anonymous_2)
FNDA:0,checkCurrentUser
DA:6,0
DA:7,0
DA:9,0
DA:14,0
DA:17,0
DA:19,0
DA:21,0
DA:26,0
DA:28,0
DA:31,0
LF:10
LH:0
BRDA:26,0,0,0
BRDA:26,0,1,0
BRDA:33,1,0,0
BRDA:33,1,1,0
BRDA:39,2,0,0
BRDA:39,2,1,0
BRDA:49,3,0,0
BRDA:49,3,1,0
BRDA:55,4,0,0
BRDA:55,4,1,0
BRF:10
BRH:0
end_of_record
TN:
SF:/Users/karel-kryspinkratochvil/WebstormProjects/cipher-chat/client/src/components/forms/login/loginForm.jsx
FN:10,(anonymous_0)
FN:11,handleSubmit
FNF:2
FNH:0
FNDA:0,(anonymous_0)
FNDA:0,handleSubmit
DA:10,0
DA:12,0
DA:13,0
DA:14,0
DA:15,0
DA:16,0
DA:19,0
DA:23,0
DA:24,0
DA:25,0
DA:29,0
DA:34,0
DA:35,0
DA:36,0
DA:39,0
DA:41,0
DA:43,0
DA:44,0
DA:45,0
DA:49,0
LF:20
LH:0
BRDA:14,0,0,0
BRDA:14,0,1,0
BRF:2
BRH:0
end_of_record
TN:
SF:/Users/karel-kryspinkratochvil/WebstormProjects/cipher-chat/client/src/components/forms/login/validateLoginForm.js
FN:1,validate
FNF:1
FNH:0
FNDA:0,validate
DA:2,0
DA:4,0
DA:6,0
DA:8,0
LF:4
LH:0
BRDA:4,0,0,0
BRDA:4,0,1,0
BRDA:6,1,0,0
BRDA:6,1,1,0
BRF:4
BRH:0
end_of_record
TN:
SF:/Users/karel-kryspinkratochvil/WebstormProjects/cipher-chat/client/src/components/forms/register/registerForm.jsx
FN:15,(anonymous_0)
FN:16,handleSubmit
FNF:2
FNH:0
FNDA:0,(anonymous_0)
FNDA:0,handleSubmit
DA:15,0
DA:17,0
DA:18,0
DA:19,0
DA:20,0
DA:21,0
DA:23,0
DA:27,0
DA:29,0
DA:31,0
DA:32,0
DA:36,0
DA:37,0
DA:38,0
DA:39,0
DA:44,0
DA:51,0
DA:53,0
DA:54,0
DA:56,0
DA:57,0
DA:58,0
DA:62,0
LF:23
LH:0
BRDA:19,0,0,0
BRDA:19,0,1,0
BRF:2
BRH:0
end_of_record
TN:
SF:/Users/karel-kryspinkratochvil/WebstormProjects/cipher-chat/client/src/components/forms/register/validateRegisterForm.js
FN:1,validate
FNF:1
FNH:0
FNDA:0,validate
DA:2,0
DA:4,0
DA:5,0
DA:6,0
DA:8,0
DA:9,0
DA:14,0
DA:18,0
DA:19,0
LF:9
LH:0
BRDA:4,0,0,0
BRDA:4,0,1,0
BRDA:5,1,0,0
BRDA:5,1,1,0
BRDA:8,2,0,0
BRDA:8,2,1,0
BRDA:9,3,0,0
BRDA:9,3,1,0
BRF:8
BRH:0
end_of_record
TN:
SF:/Users/karel-kryspinkratochvil/WebstormProjects/cipher-chat/client/src/components/inbox/inbox.jsx
FN:14,(anonymous_0)
FN:18,(anonymous_1)
FN:19,getChannels
FN:34,(anonymous_3)
FN:39,populateInbox
FN:40,(anonymous_5)
FN:52,(anonymous_6)
FN:60,openChannel
FNF:8
FNH:0
FNDA:0,(anonymous_0)
FNDA:0,(anonymous_1)
FNDA:0,getChannels
FNDA:0,(anonymous_3)
FNDA:0,populateInbox
FNDA:0,(anonymous_5)
FNDA:0,(anonymous_6)
FNDA:0,openChannel
DA:10,0
DA:14,0
DA:15,0
DA:17,0
DA:18,0
DA:20,0
DA:21,0
DA:22,0
DA:25,0
DA:27,0
DA:28,0
DA:32,0
DA:34,0
DA:35,0
DA:40,0
DA:41,0
DA:42,0
DA:44,0
DA:52,0
DA:61,0
DA:62,0
DA:63,0
DA:66,0
LF:23
LH:0
BRDA:27,0,0,0
BRDA:27,0,1,0
BRDA:68,1,0,0
BRDA:68,1,1,0
BRF:4
BRH:0
end_of_record
TN:
SF:/Users/karel-kryspinkratochvil/WebstormProjects/cipher-chat/client/src/components/navBar/navbar.jsx
FN:29,(anonymous_0)
FN:35,(anonymous_1)
FN:52,handleNavButtonClick
FN:66,(anonymous_3)
FN:73,(anonymous_4)
FN:83,(anonymous_5)
FNF:6
FNH:0
FNDA:0,(anonymous_0)
FNDA:0,(anonymous_1)
FNDA:0,handleNavButtonClick
FNDA:0,(anonymous_3)
FNDA:0,(anonymous_4)
FNDA:0,(anonymous_5)
DA:4,0
DA:22,0
DA:30,0
DA:31,0
DA:35,0
DA:36,0
DA:37,0
DA:39,0
DA:40,0
DA:42,0
DA:43,0
DA:45,0
DA:46,0
DA:48,0
DA:49,0
DA:53,0
DA:56,0
DA:67,0
DA:68,0
DA:74,0
DA:75,0
DA:76,0
DA:84,0
DA:85,0
LF:24
LH:0
BRDA:30,0,0,0
BRDA:30,0,1,0
BRDA:37,1,0,0
BRDA:37,1,1,0
BRDA:37,1,2,0
BRDA:37,1,3,0
BRDA:59,2,0,0
BRDA:59,2,1,0
BRF:8
BRH:0
end_of_record
TN:
SF:/Users/karel-kryspinkratochvil/WebstormProjects/cipher-chat/client/src/components/onlineUsers/onlineUser.jsx
FN:8,(anonymous_0)
FN:11,(anonymous_1)
FN:19,(anonymous_2)
FN:31,(anonymous_3)
FNF:4
FNH:0
FNDA:0,(anonymous_0)
FNDA:0,(anonymous_1)
FNDA:0,(anonymous_2)
FNDA:0,(anonymous_3)
DA:6,0
DA:8,0
DA:11,0
DA:12,0
DA:19,0
DA:31,0
LF:6
LH:0
BRDA:8,0,0,0
BRDA:8,0,1,0
BRDA:27,1,0,0
BRDA:27,1,1,0
BRF:4
BRH:0
end_of_record
TN:
SF:/Users/karel-kryspinkratochvil/WebstormProjects/cipher-chat/client/src/components/onlineUsers/onlineUsers.jsx
FN:9,(anonymous_0)
FN:14,(anonymous_1)
FN:15,getUsers
FN:37,(anonymous_3)
FN:44,getOnlineUsers
FN:53,(anonymous_5)
FN:54,(anonymous_6)
FN:59,(anonymous_7)
FN:60,(anonymous_8)
FN:64,(anonymous_9)
FN:69,(anonymous_10)
FN:73,populateUsers
FN:77,(anonymous_12)
FNF:13
FNH:0
FNDA:0,(anonymous_0)
FNDA:0,(anonymous_1)
FNDA:0,getUsers
FNDA:0,(anonymous_3)
FNDA:0,getOnlineUsers
FNDA:0,(anonymous_5)
FNDA:0,(anonymous_6)
FNDA:0,(anonymous_7)
FNDA:0,(anonymous_8)
FNDA:0,(anonymous_9)
FNDA:0,(anonymous_10)
FNDA:0,populateUsers
FNDA:0,(anonymous_12)
DA:9,0
DA:10,0
DA:11,0
DA:13,0
DA:14,0
DA:16,0
DA:17,0
DA:28,0
DA:30,0
DA:31,0
DA:35,0
DA:37,0
DA:38,0
DA:39,0
DA:40,0
DA:45,0
DA:53,0
DA:54,0
DA:56,0
DA:59,0
DA:60,0
DA:62,0
DA:64,0
DA:66,0
DA:69,0
DA:70,0
DA:74,0
DA:76,0
DA:78,0
DA:89,0
LF:30
LH:0
BRDA:17,0,0,0
BRDA:17,0,1,0
BRDA:30,1,0,0
BRDA:30,1,1,0
BRDA:35,2,0,0
BRDA:35,2,1,0
BRDA:54,3,0,0
BRDA:54,3,1,0
BRDA:60,4,0,0
BRDA:60,4,1,0
BRDA:74,5,0,0
BRDA:74,5,1,0
BRDA:78,6,0,0
BRDA:78,6,1,0
BRF:14
BRH:0
end_of_record
TN:
SF:/Users/karel-kryspinkratochvil/WebstormProjects/cipher-chat/client/src/components/profile/avatar.jsx
FN:19,(anonymous_0)
FNF:1
FNH:0
FNDA:0,(anonymous_0)
DA:5,0
DA:19,0
DA:20,0
LF:3
LH:0
BRF:0
BRH:0
end_of_record
TN:
SF:/Users/karel-kryspinkratochvil/WebstormProjects/cipher-chat/client/src/components/profile/bio.jsx
FN:20,(anonymous_0)
FN:24,(anonymous_1)
FN:25,(anonymous_2)
FN:31,(anonymous_3)
FN:42,(anonymous_4)
FN:47,(anonymous_5)
FNF:6
FNH:0
FNDA:0,(anonymous_0)
FNDA:0,(anonymous_1)
FNDA:0,(anonymous_2)
FNDA:0,(anonymous_3)
FNDA:0,(anonymous_4)
FNDA:0,(anonymous_5)
DA:5,0
DA:12,0
DA:20,0
DA:21,0
DA:22,0
DA:24,0
DA:25,0
DA:26,0
DA:27,0
DA:28,0
DA:31,0
DA:32,0
DA:35,0
DA:42,0
DA:47,0
LF:15
LH:0
BRDA:26,0,0,0
BRDA:26,0,1,0
BRDA:37,1,0,0
BRDA:37,1,1,0
BRDA:47,2,0,0
BRDA:47,2,1,0
BRF:6
BRH:0
end_of_record
TN:
SF:/Users/karel-kryspinkratochvil/WebstormProjects/cipher-chat/client/src/components/profile/profile.jsx
FN:48,(anonymous_0)
FN:49,(anonymous_1)
FN:57,handleNavClick
FNF:3
FNH:0
FNDA:0,(anonymous_0)
FNDA:0,(anonymous_1)
FNDA:0,handleNavClick
DA:6,0
DA:22,0
DA:48,0
DA:49,0
DA:50,0
DA:52,0
DA:55,0
DA:58,0
DA:61,0
LF:9
LH:0
BRDA:55,0,0,0
BRDA:55,0,1,0
BRF:2
BRH:0
end_of_record
TN:
SF:/Users/karel-kryspinkratochvil/WebstormProjects/cipher-chat/client/src/components/profile/username.jsx
FN:16,(anonymous_0)
FNF:1
FNH:0
FNDA:0,(anonymous_0)
DA:4,0
DA:16,0
DA:17,0
LF:3
LH:0
BRDA:19,0,0,0
BRDA:19,0,1,0
BRF:2
BRH:0
end_of_record
TN:
SF:/Users/karel-kryspinkratochvil/WebstormProjects/cipher-chat/client/src/services/chatService.js
FN:9,(anonymous_0)
FN:19,sendChat
FN:28,getPrivateChannels
FN:40,seenChat
FNF:4
FNH:0
FNDA:0,(anonymous_0)
FNDA:0,sendChat
FNDA:0,getPrivateChannels
FNDA:0,seenChat
DA:6,0
DA:7,0
DA:9,0
DA:10,0
DA:11,0
DA:12,0
DA:16,0
DA:20,0
DA:21,0
DA:25,0
DA:29,0
DA:30,0
DA:34,0
DA:41,0
DA:42,0
DA:46,0
LF:16
LH:0
BRDA:6,0,0,0
BRDA:6,0,1,0
BRF:2
BRH:0
end_of_record
TN:
SF:/Users/karel-kryspinkratochvil/WebstormProjects/cipher-chat/client/src/services/httpService.js
FNF:0
FNH:0
LF:0
LH:0
BRF:0
BRH:0
end_of_record
TN:
SF:/Users/karel-kryspinkratochvil/WebstormProjects/cipher-chat/client/src/services/userService.js
FN:9,(anonymous_0)
FN:18,(anonymous_1)
FN:27,(anonymous_2)
FN:31,updateUser
FN:35,(anonymous_4)
FN:41,(anonymous_5)
FN:47,(anonymous_6)
FNF:7
FNH:0
FNDA:0,(anonymous_0)
FNDA:0,(anonymous_1)
FNDA:0,(anonymous_2)
FNDA:0,updateUser
FNDA:0,(anonymous_4)
FNDA:0,(anonymous_5)
FNDA:0,(anonymous_6)
DA:6,0
DA:7,0
DA:9,0
DA:10,0
DA:11,0
DA:15,0
DA:18,0
DA:19,0
DA:20,0
DA:24,0
DA:27,0
DA:28,0
DA:32,0
DA:35,0
DA:36,0
DA:38,0
DA:41,0
DA:42,0
DA:44,0
DA:47,0
DA:48,0
DA:49,0
DA:53,0
LF:23
LH:0
BRDA:6,0,0,0
BRDA:6,0,1,0
BRF:2
BRH:0
end_of_record
